{"synthetic": false,
 "schemaVersion": "2025-09-10",
 "outputs": null,
 "log":
 [{"message":
   ".> ELAN=elan ELAN_HOME=/home/runner/.elan ELAN_TOOLCHAIN=leanprover/lean4:v4.27.0-rc1 LAKE=/home/runner/.elan/toolchains/leanprover--lean4---v4.27.0-rc1/bin/lake LAKE_HOME=/home/runner/.elan/toolchains/leanprover--lean4---v4.27.0-rc1 LAKE_PKG_URL_MAP={} LAKE_NO_CACHE=false LAKE_ARTIFACT_CACHE=false LAKE_CACHE_KEY= LAKE_CACHE_ARTIFACT_ENDPOINT= LAKE_CACHE_REVISION_ENDPOINT= LEAN=/home/runner/.elan/toolchains/leanprover--lean4---v4.27.0-rc1/bin/lean LEAN_SYSROOT=/home/runner/.elan/toolchains/leanprover--lean4---v4.27.0-rc1 LEAN_AR=/home/runner/.elan/toolchains/leanprover--lean4---v4.27.0-rc1/bin/llvm-ar LEAN_CC= LAKE_CACHE_DIR=/home/runner/.elan/toolchains/leanprover--lean4---v4.27.0-rc1/lake/cache LEAN_PATH=/home/runner/work/M1_ENS_26/M1_ENS_26/.lake/packages/batteries/.lake/build/lib/lean:/home/runner/work/M1_ENS_26/M1_ENS_26/.lake/packages/Qq/.lake/build/lib/lean:/home/runner/work/M1_ENS_26/M1_ENS_26/.lake/packages/aesop/.lake/build/lib/lean:/home/runner/work/M1_ENS_26/M1_ENS_26/.lake/packages/proofwidgets/.lake/build/lib/lean:/home/runner/work/M1_ENS_26/M1_ENS_26/.lake/packages/importGraph/.lake/build/lib/lean:/home/runner/work/M1_ENS_26/M1_ENS_26/.lake/packages/LeanSearchClient/.lake/build/lib/lean:/home/runner/work/M1_ENS_26/M1_ENS_26/.lake/packages/plausible/.lake/build/lib/lean:/home/runner/work/M1_ENS_26/M1_ENS_26/.lake/packages/mathlib/.lake/build/lib/lean:/home/runner/work/M1_ENS_26/M1_ENS_26/.lake/packages/MD4Lean/.lake/build/lib/lean:/home/runner/work/M1_ENS_26/M1_ENS_26/.lake/packages/BibtexQuery/.lake/build/lib/lean:/home/runner/work/M1_ENS_26/M1_ENS_26/.lake/packages/UnicodeBasic/.lake/build/lib/lean:/home/runner/work/M1_ENS_26/M1_ENS_26/.lake/packages/Cli/.lake/build/lib/lean:/home/runner/work/M1_ENS_26/M1_ENS_26/.lake/build/lib/lean:/home/runner/work/M1_ENS_26/M1_ENS_26/.lake/packages/doc-gen4/.lake/build/lib/lean:/home/runner/work/M1_ENS_26/M1_ENS_26/docbuild/.lake/build/lib/lean:/home/runner/.elan/toolchains/leanprover--lean4---v4.27.0-rc1/lib/lean LEAN_SRC_PATH=/home/runner/work/M1_ENS_26/M1_ENS_26/.lake/packages/batteries:/home/runner/work/M1_ENS_26/M1_ENS_26/.lake/packages/batteries:/home/runner/work/M1_ENS_26/M1_ENS_26/.lake/packages/Qq:/home/runner/work/M1_ENS_26/M1_ENS_26/.lake/packages/Qq:/home/runner/work/M1_ENS_26/M1_ENS_26/.lake/packages/aesop:/home/runner/work/M1_ENS_26/M1_ENS_26/.lake/packages/aesop:/home/runner/work/M1_ENS_26/M1_ENS_26/.lake/packages/proofwidgets:/home/runner/work/M1_ENS_26/M1_ENS_26/.lake/packages/proofwidgets:/home/runner/work/M1_ENS_26/M1_ENS_26/.lake/packages/proofwidgets:/home/runner/work/M1_ENS_26/M1_ENS_26/.lake/packages/importGraph:/home/runner/work/M1_ENS_26/M1_ENS_26/.lake/packages/importGraph:/home/runner/work/M1_ENS_26/M1_ENS_26/.lake/packages/LeanSearchClient:/home/runner/work/M1_ENS_26/M1_ENS_26/.lake/packages/LeanSearchClient:/home/runner/work/M1_ENS_26/M1_ENS_26/.lake/packages/plausible:/home/runner/work/M1_ENS_26/M1_ENS_26/.lake/packages/plausible:/home/runner/work/M1_ENS_26/M1_ENS_26/.lake/packages/mathlib:/home/runner/work/M1_ENS_26/M1_ENS_26/.lake/packages/mathlib:/home/runner/work/M1_ENS_26/M1_ENS_26/.lake/packages/mathlib:/home/runner/work/M1_ENS_26/M1_ENS_26/.lake/packages/mathlib:/home/runner/work/M1_ENS_26/M1_ENS_26/.lake/packages/mathlib:/home/runner/work/M1_ENS_26/M1_ENS_26/.lake/packages/mathlib:/home/runner/work/M1_ENS_26/M1_ENS_26/.lake/packages/mathlib:/home/runner/work/M1_ENS_26/M1_ENS_26/.lake/packages/MD4Lean:/home/runner/work/M1_ENS_26/M1_ENS_26/.lake/packages/MD4Lean:/home/runner/work/M1_ENS_26/M1_ENS_26/.lake/packages/BibtexQuery:/home/runner/work/M1_ENS_26/M1_ENS_26/.lake/packages/UnicodeBasic:/home/runner/work/M1_ENS_26/M1_ENS_26/.lake/packages/UnicodeBasic:/home/runner/work/M1_ENS_26/M1_ENS_26/.lake/packages/Cli:/home/runner/work/M1_ENS_26/M1_ENS_26/.lake/packages/Cli:/home/runner/work/M1_ENS_26/M1_ENS_26:/home/runner/work/M1_ENS_26/M1_ENS_26/.lake/packages/doc-gen4:/home/runner/.elan/toolchains/leanprover--lean4---v4.27.0-rc1/src/lean/lake LEAN_GITHASH=2fcce7258eeb6e324366bc25f9058293b04b7547 PATH LD_LIBRARY_PATH=/home/runner/.elan/toolchains/leanprover--lean4---v4.27.0-rc1/lib/lean:/home/runner/.elan/toolchains/leanprover--lean4---v4.27.0-rc1/lib:/home/runner/work/M1_ENS_26/M1_ENS_26/docbuild/.lake/build/lib:/home/runner/work/M1_ENS_26/M1_ENS_26/.lake/packages/doc-gen4/.lake/build/lib:/home/runner/work/M1_ENS_26/M1_ENS_26/.lake/build/lib:/home/runner/work/M1_ENS_26/M1_ENS_26/.lake/packages/Cli/.lake/build/lib:/home/runner/work/M1_ENS_26/M1_ENS_26/.lake/packages/UnicodeBasic/.lake/build/lib:/home/runner/work/M1_ENS_26/M1_ENS_26/.lake/packages/BibtexQuery/.lake/build/lib:/home/runner/work/M1_ENS_26/M1_ENS_26/.lake/packages/MD4Lean/.lake/build/lib:/home/runner/work/M1_ENS_26/M1_ENS_26/.lake/packages/mathlib/.lake/build/lib:/home/runner/work/M1_ENS_26/M1_ENS_26/.lake/packages/plausible/.lake/build/lib:/home/runner/work/M1_ENS_26/M1_ENS_26/.lake/packages/LeanSearchClient/.lake/build/lib:/home/runner/work/M1_ENS_26/M1_ENS_26/.lake/packages/importGraph/.lake/build/lib:/home/runner/work/M1_ENS_26/M1_ENS_26/.lake/packages/proofwidgets/.lake/build/lib:/home/runner/work/M1_ENS_26/M1_ENS_26/.lake/packages/aesop/.lake/build/lib:/home/runner/work/M1_ENS_26/M1_ENS_26/.lake/packages/Qq/.lake/build/lib:/home/runner/work/M1_ENS_26/M1_ENS_26/.lake/packages/batteries/.lake/build/lib /home/runner/work/M1_ENS_26/M1_ENS_26/.lake/packages/doc-gen4/.lake/build/bin/doc-gen4 single --build /home/runner/work/M1_ENS_26/M1_ENS_26/docbuild/.lake/build Mathlib.Algebra.Order.Archimedean.IndicatorCard https://github.com/leanprover-community/mathlib4/blob/32d24245c7a12ded17325299fd41d412022cd3fe/Mathlib/Algebra/Order/Archimedean/IndicatorCard.lean",
   "level": "trace"}],
 "inputs":
 [["<collection>",
   [["/home/runner/work/M1_ENS_26/M1_ENS_26/docbuild/.lake/build/doc/Mathlib/Algebra/BigOperators/Group/Finset/Indicator.html",
     "5ff223fbd8ad01e1"],
    ["/home/runner/work/M1_ENS_26/M1_ENS_26/docbuild/.lake/build/doc/Mathlib/Algebra/Order/Archimedean/Basic.html",
     "d50d25d0db2f3383"],
    ["/home/runner/work/M1_ENS_26/M1_ENS_26/docbuild/.lake/build/doc/Mathlib/Algebra/Order/BigOperators/Group/Finset.html",
     "73c5909ea0bbda25"],
    ["/home/runner/work/M1_ENS_26/M1_ENS_26/docbuild/.lake/build/doc/Mathlib/Algebra/Order/Group/Indicator.html",
     "271c8a60c9e9a893"],
    ["/home/runner/work/M1_ENS_26/M1_ENS_26/docbuild/.lake/build/doc/Mathlib/Order/LiminfLimsup.html",
     "c9ce0f0727991890"],
    ["/home/runner/work/M1_ENS_26/M1_ENS_26/docbuild/.lake/build/doc/Mathlib/SetTheory/Cardinal/Finite.html",
     "38d3837522b89e5b"]]],
  ["/home/runner/work/M1_ENS_26/M1_ENS_26/docbuild/.lake/build/doc-data/references.json",
   "a50f2257f35adb49"],
  ["/home/runner/work/M1_ENS_26/M1_ENS_26/.lake/packages/doc-gen4/.lake/build/bin/doc-gen4",
   "aecbeac3e0b55b70"],
  ["Mathlib.Algebra.Order.Archimedean.IndicatorCard:leanArts",
   "c1601e2b874ab6b8"]],
 "depHash": "b39546e46c05c436"}