{"synthetic": false,
 "schemaVersion": "2025-09-10",
 "outputs": null,
 "log":
 [{"message":
   ".> ELAN=elan ELAN_HOME=/home/runner/.elan ELAN_TOOLCHAIN=leanprover/lean4:v4.27.0-rc1 LAKE=/home/runner/.elan/toolchains/leanprover--lean4---v4.27.0-rc1/bin/lake LAKE_HOME=/home/runner/.elan/toolchains/leanprover--lean4---v4.27.0-rc1 LAKE_PKG_URL_MAP={} LAKE_NO_CACHE=false LAKE_ARTIFACT_CACHE=false LAKE_CACHE_KEY= LAKE_CACHE_ARTIFACT_ENDPOINT= LAKE_CACHE_REVISION_ENDPOINT= LEAN=/home/runner/.elan/toolchains/leanprover--lean4---v4.27.0-rc1/bin/lean LEAN_SYSROOT=/home/runner/.elan/toolchains/leanprover--lean4---v4.27.0-rc1 LEAN_AR=/home/runner/.elan/toolchains/leanprover--lean4---v4.27.0-rc1/bin/llvm-ar LEAN_CC= LAKE_CACHE_DIR=/home/runner/.elan/toolchains/leanprover--lean4---v4.27.0-rc1/lake/cache LEAN_PATH=/home/runner/work/M1_ENS_26/M1_ENS_26/.lake/packages/batteries/.lake/build/lib/lean:/home/runner/work/M1_ENS_26/M1_ENS_26/.lake/packages/Qq/.lake/build/lib/lean:/home/runner/work/M1_ENS_26/M1_ENS_26/.lake/packages/aesop/.lake/build/lib/lean:/home/runner/work/M1_ENS_26/M1_ENS_26/.lake/packages/proofwidgets/.lake/build/lib/lean:/home/runner/work/M1_ENS_26/M1_ENS_26/.lake/packages/importGraph/.lake/build/lib/lean:/home/runner/work/M1_ENS_26/M1_ENS_26/.lake/packages/LeanSearchClient/.lake/build/lib/lean:/home/runner/work/M1_ENS_26/M1_ENS_26/.lake/packages/plausible/.lake/build/lib/lean:/home/runner/work/M1_ENS_26/M1_ENS_26/.lake/packages/mathlib/.lake/build/lib/lean:/home/runner/work/M1_ENS_26/M1_ENS_26/.lake/packages/MD4Lean/.lake/build/lib/lean:/home/runner/work/M1_ENS_26/M1_ENS_26/.lake/packages/BibtexQuery/.lake/build/lib/lean:/home/runner/work/M1_ENS_26/M1_ENS_26/.lake/packages/UnicodeBasic/.lake/build/lib/lean:/home/runner/work/M1_ENS_26/M1_ENS_26/.lake/packages/Cli/.lake/build/lib/lean:/home/runner/work/M1_ENS_26/M1_ENS_26/.lake/build/lib/lean:/home/runner/work/M1_ENS_26/M1_ENS_26/.lake/packages/doc-gen4/.lake/build/lib/lean:/home/runner/work/M1_ENS_26/M1_ENS_26/docbuild/.lake/build/lib/lean:/home/runner/.elan/toolchains/leanprover--lean4---v4.27.0-rc1/lib/lean LEAN_SRC_PATH=/home/runner/work/M1_ENS_26/M1_ENS_26/.lake/packages/batteries:/home/runner/work/M1_ENS_26/M1_ENS_26/.lake/packages/batteries:/home/runner/work/M1_ENS_26/M1_ENS_26/.lake/packages/Qq:/home/runner/work/M1_ENS_26/M1_ENS_26/.lake/packages/Qq:/home/runner/work/M1_ENS_26/M1_ENS_26/.lake/packages/aesop:/home/runner/work/M1_ENS_26/M1_ENS_26/.lake/packages/aesop:/home/runner/work/M1_ENS_26/M1_ENS_26/.lake/packages/proofwidgets:/home/runner/work/M1_ENS_26/M1_ENS_26/.lake/packages/proofwidgets:/home/runner/work/M1_ENS_26/M1_ENS_26/.lake/packages/proofwidgets:/home/runner/work/M1_ENS_26/M1_ENS_26/.lake/packages/importGraph:/home/runner/work/M1_ENS_26/M1_ENS_26/.lake/packages/importGraph:/home/runner/work/M1_ENS_26/M1_ENS_26/.lake/packages/LeanSearchClient:/home/runner/work/M1_ENS_26/M1_ENS_26/.lake/packages/LeanSearchClient:/home/runner/work/M1_ENS_26/M1_ENS_26/.lake/packages/plausible:/home/runner/work/M1_ENS_26/M1_ENS_26/.lake/packages/plausible:/home/runner/work/M1_ENS_26/M1_ENS_26/.lake/packages/mathlib:/home/runner/work/M1_ENS_26/M1_ENS_26/.lake/packages/mathlib:/home/runner/work/M1_ENS_26/M1_ENS_26/.lake/packages/mathlib:/home/runner/work/M1_ENS_26/M1_ENS_26/.lake/packages/mathlib:/home/runner/work/M1_ENS_26/M1_ENS_26/.lake/packages/mathlib:/home/runner/work/M1_ENS_26/M1_ENS_26/.lake/packages/mathlib:/home/runner/work/M1_ENS_26/M1_ENS_26/.lake/packages/mathlib:/home/runner/work/M1_ENS_26/M1_ENS_26/.lake/packages/MD4Lean:/home/runner/work/M1_ENS_26/M1_ENS_26/.lake/packages/MD4Lean:/home/runner/work/M1_ENS_26/M1_ENS_26/.lake/packages/BibtexQuery:/home/runner/work/M1_ENS_26/M1_ENS_26/.lake/packages/UnicodeBasic:/home/runner/work/M1_ENS_26/M1_ENS_26/.lake/packages/UnicodeBasic:/home/runner/work/M1_ENS_26/M1_ENS_26/.lake/packages/Cli:/home/runner/work/M1_ENS_26/M1_ENS_26/.lake/packages/Cli:/home/runner/work/M1_ENS_26/M1_ENS_26:/home/runner/work/M1_ENS_26/M1_ENS_26/.lake/packages/doc-gen4:/home/runner/.elan/toolchains/leanprover--lean4---v4.27.0-rc1/src/lean/lake LEAN_GITHASH=2fcce7258eeb6e324366bc25f9058293b04b7547 PATH LD_LIBRARY_PATH=/home/runner/.elan/toolchains/leanprover--lean4---v4.27.0-rc1/lib/lean:/home/runner/.elan/toolchains/leanprover--lean4---v4.27.0-rc1/lib:/home/runner/work/M1_ENS_26/M1_ENS_26/docbuild/.lake/build/lib:/home/runner/work/M1_ENS_26/M1_ENS_26/.lake/packages/doc-gen4/.lake/build/lib:/home/runner/work/M1_ENS_26/M1_ENS_26/.lake/build/lib:/home/runner/work/M1_ENS_26/M1_ENS_26/.lake/packages/Cli/.lake/build/lib:/home/runner/work/M1_ENS_26/M1_ENS_26/.lake/packages/UnicodeBasic/.lake/build/lib:/home/runner/work/M1_ENS_26/M1_ENS_26/.lake/packages/BibtexQuery/.lake/build/lib:/home/runner/work/M1_ENS_26/M1_ENS_26/.lake/packages/MD4Lean/.lake/build/lib:/home/runner/work/M1_ENS_26/M1_ENS_26/.lake/packages/mathlib/.lake/build/lib:/home/runner/work/M1_ENS_26/M1_ENS_26/.lake/packages/plausible/.lake/build/lib:/home/runner/work/M1_ENS_26/M1_ENS_26/.lake/packages/LeanSearchClient/.lake/build/lib:/home/runner/work/M1_ENS_26/M1_ENS_26/.lake/packages/importGraph/.lake/build/lib:/home/runner/work/M1_ENS_26/M1_ENS_26/.lake/packages/proofwidgets/.lake/build/lib:/home/runner/work/M1_ENS_26/M1_ENS_26/.lake/packages/aesop/.lake/build/lib:/home/runner/work/M1_ENS_26/M1_ENS_26/.lake/packages/Qq/.lake/build/lib:/home/runner/work/M1_ENS_26/M1_ENS_26/.lake/packages/batteries/.lake/build/lib /home/runner/work/M1_ENS_26/M1_ENS_26/.lake/packages/doc-gen4/.lake/build/bin/doc-gen4 single --build /home/runner/work/M1_ENS_26/M1_ENS_26/docbuild/.lake/build Mathlib.Topology.Algebra.Group.Basic https://github.com/leanprover-community/mathlib4/blob/32d24245c7a12ded17325299fd41d412022cd3fe/Mathlib/Topology/Algebra/Group/Basic.lean",
   "level": "trace"}],
 "inputs":
 [["<collection>",
   [["/home/runner/work/M1_ENS_26/M1_ENS_26/docbuild/.lake/build/doc/Mathlib/Algebra/Group/Subgroup/Pointwise.html",
     "5d9a8b319d9181f1"],
    ["/home/runner/work/M1_ENS_26/M1_ENS_26/docbuild/.lake/build/doc/Mathlib/Algebra/Group/Submonoid/Units.html",
     "5f6df513ce8f2eee"],
    ["/home/runner/work/M1_ENS_26/M1_ENS_26/docbuild/.lake/build/doc/Mathlib/Algebra/Group/Submonoid/MulOpposite.html",
     "a9800d56d079fc51"],
    ["/home/runner/work/M1_ENS_26/M1_ENS_26/docbuild/.lake/build/doc/Mathlib/Algebra/Order/Archimedean/Basic.html",
     "d50d25d0db2f3383"],
    ["/home/runner/work/M1_ENS_26/M1_ENS_26/docbuild/.lake/build/doc/Mathlib/Order/Filter/Bases/Finite.html",
     "4b6585adf594c03b"],
    ["/home/runner/work/M1_ENS_26/M1_ENS_26/docbuild/.lake/build/doc/Mathlib/Topology/Algebra/Group/Defs.html",
     "eb20ac3451f8034f"],
    ["/home/runner/work/M1_ENS_26/M1_ENS_26/docbuild/.lake/build/doc/Mathlib/Topology/Algebra/Monoid.html",
     "b7dcb759bb9a73bd"],
    ["/home/runner/work/M1_ENS_26/M1_ENS_26/docbuild/.lake/build/doc/Mathlib/Topology/Homeomorph/Lemmas.html",
     "4c68f15e1d6c2370"]]],
  ["/home/runner/work/M1_ENS_26/M1_ENS_26/docbuild/.lake/build/doc-data/references.json",
   "a50f2257f35adb49"],
  ["/home/runner/work/M1_ENS_26/M1_ENS_26/.lake/packages/doc-gen4/.lake/build/bin/doc-gen4",
   "aecbeac3e0b55b70"],
  ["Mathlib.Topology.Algebra.Group.Basic:leanArts", "a6f1b6622d69f28a"]],
 "depHash": "47c68b45cf100f0a"}