{"synthetic": false,
 "schemaVersion": "2025-09-10",
 "outputs": null,
 "log":
 [{"message":
   ".> ELAN=elan ELAN_HOME=/home/runner/.elan ELAN_TOOLCHAIN=leanprover/lean4:v4.27.0-rc1 LAKE=/home/runner/.elan/toolchains/leanprover--lean4---v4.27.0-rc1/bin/lake LAKE_HOME=/home/runner/.elan/toolchains/leanprover--lean4---v4.27.0-rc1 LAKE_PKG_URL_MAP={} LAKE_NO_CACHE=false LAKE_ARTIFACT_CACHE=false LAKE_CACHE_KEY= LAKE_CACHE_ARTIFACT_ENDPOINT= LAKE_CACHE_REVISION_ENDPOINT= LEAN=/home/runner/.elan/toolchains/leanprover--lean4---v4.27.0-rc1/bin/lean LEAN_SYSROOT=/home/runner/.elan/toolchains/leanprover--lean4---v4.27.0-rc1 LEAN_AR=/home/runner/.elan/toolchains/leanprover--lean4---v4.27.0-rc1/bin/llvm-ar LEAN_CC= LAKE_CACHE_DIR=/home/runner/.elan/toolchains/leanprover--lean4---v4.27.0-rc1/lake/cache LEAN_PATH=/home/runner/work/M1_ENS_26/M1_ENS_26/.lake/packages/batteries/.lake/build/lib/lean:/home/runner/work/M1_ENS_26/M1_ENS_26/.lake/packages/Qq/.lake/build/lib/lean:/home/runner/work/M1_ENS_26/M1_ENS_26/.lake/packages/aesop/.lake/build/lib/lean:/home/runner/work/M1_ENS_26/M1_ENS_26/.lake/packages/proofwidgets/.lake/build/lib/lean:/home/runner/work/M1_ENS_26/M1_ENS_26/.lake/packages/importGraph/.lake/build/lib/lean:/home/runner/work/M1_ENS_26/M1_ENS_26/.lake/packages/LeanSearchClient/.lake/build/lib/lean:/home/runner/work/M1_ENS_26/M1_ENS_26/.lake/packages/plausible/.lake/build/lib/lean:/home/runner/work/M1_ENS_26/M1_ENS_26/.lake/packages/mathlib/.lake/build/lib/lean:/home/runner/work/M1_ENS_26/M1_ENS_26/.lake/packages/MD4Lean/.lake/build/lib/lean:/home/runner/work/M1_ENS_26/M1_ENS_26/.lake/packages/BibtexQuery/.lake/build/lib/lean:/home/runner/work/M1_ENS_26/M1_ENS_26/.lake/packages/UnicodeBasic/.lake/build/lib/lean:/home/runner/work/M1_ENS_26/M1_ENS_26/.lake/packages/Cli/.lake/build/lib/lean:/home/runner/work/M1_ENS_26/M1_ENS_26/.lake/build/lib/lean:/home/runner/work/M1_ENS_26/M1_ENS_26/.lake/packages/doc-gen4/.lake/build/lib/lean:/home/runner/work/M1_ENS_26/M1_ENS_26/docbuild/.lake/build/lib/lean:/home/runner/.elan/toolchains/leanprover--lean4---v4.27.0-rc1/lib/lean LEAN_SRC_PATH=/home/runner/work/M1_ENS_26/M1_ENS_26/.lake/packages/batteries:/home/runner/work/M1_ENS_26/M1_ENS_26/.lake/packages/batteries:/home/runner/work/M1_ENS_26/M1_ENS_26/.lake/packages/Qq:/home/runner/work/M1_ENS_26/M1_ENS_26/.lake/packages/Qq:/home/runner/work/M1_ENS_26/M1_ENS_26/.lake/packages/aesop:/home/runner/work/M1_ENS_26/M1_ENS_26/.lake/packages/aesop:/home/runner/work/M1_ENS_26/M1_ENS_26/.lake/packages/proofwidgets:/home/runner/work/M1_ENS_26/M1_ENS_26/.lake/packages/proofwidgets:/home/runner/work/M1_ENS_26/M1_ENS_26/.lake/packages/proofwidgets:/home/runner/work/M1_ENS_26/M1_ENS_26/.lake/packages/importGraph:/home/runner/work/M1_ENS_26/M1_ENS_26/.lake/packages/importGraph:/home/runner/work/M1_ENS_26/M1_ENS_26/.lake/packages/LeanSearchClient:/home/runner/work/M1_ENS_26/M1_ENS_26/.lake/packages/LeanSearchClient:/home/runner/work/M1_ENS_26/M1_ENS_26/.lake/packages/plausible:/home/runner/work/M1_ENS_26/M1_ENS_26/.lake/packages/plausible:/home/runner/work/M1_ENS_26/M1_ENS_26/.lake/packages/mathlib:/home/runner/work/M1_ENS_26/M1_ENS_26/.lake/packages/mathlib:/home/runner/work/M1_ENS_26/M1_ENS_26/.lake/packages/mathlib:/home/runner/work/M1_ENS_26/M1_ENS_26/.lake/packages/mathlib:/home/runner/work/M1_ENS_26/M1_ENS_26/.lake/packages/mathlib:/home/runner/work/M1_ENS_26/M1_ENS_26/.lake/packages/mathlib:/home/runner/work/M1_ENS_26/M1_ENS_26/.lake/packages/mathlib:/home/runner/work/M1_ENS_26/M1_ENS_26/.lake/packages/MD4Lean:/home/runner/work/M1_ENS_26/M1_ENS_26/.lake/packages/MD4Lean:/home/runner/work/M1_ENS_26/M1_ENS_26/.lake/packages/BibtexQuery:/home/runner/work/M1_ENS_26/M1_ENS_26/.lake/packages/UnicodeBasic:/home/runner/work/M1_ENS_26/M1_ENS_26/.lake/packages/UnicodeBasic:/home/runner/work/M1_ENS_26/M1_ENS_26/.lake/packages/Cli:/home/runner/work/M1_ENS_26/M1_ENS_26/.lake/packages/Cli:/home/runner/work/M1_ENS_26/M1_ENS_26:/home/runner/work/M1_ENS_26/M1_ENS_26/.lake/packages/doc-gen4:/home/runner/.elan/toolchains/leanprover--lean4---v4.27.0-rc1/src/lean/lake LEAN_GITHASH=2fcce7258eeb6e324366bc25f9058293b04b7547 PATH LD_LIBRARY_PATH=/home/runner/.elan/toolchains/leanprover--lean4---v4.27.0-rc1/lib/lean:/home/runner/.elan/toolchains/leanprover--lean4---v4.27.0-rc1/lib:/home/runner/work/M1_ENS_26/M1_ENS_26/docbuild/.lake/build/lib:/home/runner/work/M1_ENS_26/M1_ENS_26/.lake/packages/doc-gen4/.lake/build/lib:/home/runner/work/M1_ENS_26/M1_ENS_26/.lake/build/lib:/home/runner/work/M1_ENS_26/M1_ENS_26/.lake/packages/Cli/.lake/build/lib:/home/runner/work/M1_ENS_26/M1_ENS_26/.lake/packages/UnicodeBasic/.lake/build/lib:/home/runner/work/M1_ENS_26/M1_ENS_26/.lake/packages/BibtexQuery/.lake/build/lib:/home/runner/work/M1_ENS_26/M1_ENS_26/.lake/packages/MD4Lean/.lake/build/lib:/home/runner/work/M1_ENS_26/M1_ENS_26/.lake/packages/mathlib/.lake/build/lib:/home/runner/work/M1_ENS_26/M1_ENS_26/.lake/packages/plausible/.lake/build/lib:/home/runner/work/M1_ENS_26/M1_ENS_26/.lake/packages/LeanSearchClient/.lake/build/lib:/home/runner/work/M1_ENS_26/M1_ENS_26/.lake/packages/importGraph/.lake/build/lib:/home/runner/work/M1_ENS_26/M1_ENS_26/.lake/packages/proofwidgets/.lake/build/lib:/home/runner/work/M1_ENS_26/M1_ENS_26/.lake/packages/aesop/.lake/build/lib:/home/runner/work/M1_ENS_26/M1_ENS_26/.lake/packages/Qq/.lake/build/lib:/home/runner/work/M1_ENS_26/M1_ENS_26/.lake/packages/batteries/.lake/build/lib /home/runner/work/M1_ENS_26/M1_ENS_26/.lake/packages/doc-gen4/.lake/build/bin/doc-gen4 single --build /home/runner/work/M1_ENS_26/M1_ENS_26/docbuild/.lake/build Mathlib.Tactic.Common https://github.com/leanprover-community/mathlib4/blob/32d24245c7a12ded17325299fd41d412022cd3fe/Mathlib/Tactic/Common.lean",
   "level": "trace"}],
 "inputs":
 [["<collection>",
   [["/home/runner/work/M1_ENS_26/M1_ENS_26/docbuild/.lake/build/doc/Aesop.html",
     "a906e43a98be684a"],
    ["/home/runner/work/M1_ENS_26/M1_ENS_26/docbuild/.lake/build/doc/Qq.html",
     "1cb45d77682d91ab"],
    ["/home/runner/work/M1_ENS_26/M1_ENS_26/docbuild/.lake/build/doc/Plausible.html",
     "95e28724ce36abc8"],
    ["/home/runner/work/M1_ENS_26/M1_ENS_26/docbuild/.lake/build/doc/ImportGraph/Imports.html",
     "de5cff4d5a455fd9"],
    ["/home/runner/work/M1_ENS_26/M1_ENS_26/docbuild/.lake/build/doc/Batteries/Tactic/Basic.html",
     "9be41e551390945d"],
    ["/home/runner/work/M1_ENS_26/M1_ENS_26/docbuild/.lake/build/doc/Batteries/Tactic/Case.html",
     "3b7e06ccc9f6226d"],
    ["/home/runner/work/M1_ENS_26/M1_ENS_26/docbuild/.lake/build/doc/Batteries/Tactic/HelpCmd.html",
     "38ae45cbba1e8897"],
    ["/home/runner/work/M1_ENS_26/M1_ENS_26/docbuild/.lake/build/doc/Batteries/Tactic/Alias.html",
     "69a2c5a96504051a"],
    ["/home/runner/work/M1_ENS_26/M1_ENS_26/docbuild/.lake/build/doc/Batteries/Tactic/GeneralizeProofs.html",
     "0087868a8de39ba3"],
    ["/home/runner/work/M1_ENS_26/M1_ENS_26/docbuild/.lake/build/doc/LeanSearchClient.html",
     "2395c89216c52450"],
    ["/home/runner/work/M1_ENS_26/M1_ENS_26/docbuild/.lake/build/doc/Mathlib/Tactic/Linter/Lint.html",
     "02b01aef0e1d97a5"],
    ["/home/runner/work/M1_ENS_26/M1_ENS_26/docbuild/.lake/build/doc/Mathlib/Tactic/ApplyCongr.html",
     "d84f4af39c85d037"],
    ["/home/runner/work/M1_ENS_26/M1_ENS_26/docbuild/.lake/build/doc/Mathlib/Tactic/ApplyAt.html",
     "cb71645df0857e14"],
    ["/home/runner/work/M1_ENS_26/M1_ENS_26/docbuild/.lake/build/doc/Mathlib/Tactic/ApplyWith.html",
     "1f2e9c970d8a1161"],
    ["/home/runner/work/M1_ENS_26/M1_ENS_26/docbuild/.lake/build/doc/Mathlib/Tactic/Basic.html",
     "ff272f458b086c59"],
    ["/home/runner/work/M1_ENS_26/M1_ENS_26/docbuild/.lake/build/doc/Mathlib/Tactic/ByCases.html",
     "eb338463cd4d7a50"],
    ["/home/runner/work/M1_ENS_26/M1_ENS_26/docbuild/.lake/build/doc/Mathlib/Tactic/ByContra.html",
     "e2b45432d713c6e7"],
    ["/home/runner/work/M1_ENS_26/M1_ENS_26/docbuild/.lake/build/doc/Mathlib/Tactic/CasesM.html",
     "a7ff1435b772912f"],
    ["/home/runner/work/M1_ENS_26/M1_ENS_26/docbuild/.lake/build/doc/Mathlib/Tactic/Check.html",
     "0452d11f4f5fc3b9"],
    ["/home/runner/work/M1_ENS_26/M1_ENS_26/docbuild/.lake/build/doc/Mathlib/Tactic/Choose.html",
     "2a0b445b4309339a"],
    ["/home/runner/work/M1_ENS_26/M1_ENS_26/docbuild/.lake/build/doc/Mathlib/Tactic/ClearExclamation.html",
     "49b3d9778d4ca9b7"],
    ["/home/runner/work/M1_ENS_26/M1_ENS_26/docbuild/.lake/build/doc/Mathlib/Tactic/ClearExcept.html",
     "bf0b4a5b840d6b16"],
    ["/home/runner/work/M1_ENS_26/M1_ENS_26/docbuild/.lake/build/doc/Mathlib/Tactic/Clear_.html",
     "ced6c86c351c4af4"],
    ["/home/runner/work/M1_ENS_26/M1_ENS_26/docbuild/.lake/build/doc/Mathlib/Tactic/Coe.html",
     "18188cabfcbcc35d"],
    ["/home/runner/work/M1_ENS_26/M1_ENS_26/docbuild/.lake/build/doc/Mathlib/Tactic/CongrExclamation.html",
     "9f1ea2dbc95760ff"],
    ["/home/runner/work/M1_ENS_26/M1_ENS_26/docbuild/.lake/build/doc/Mathlib/Tactic/CongrM.html",
     "31a00b646662060a"],
    ["/home/runner/work/M1_ENS_26/M1_ENS_26/docbuild/.lake/build/doc/Mathlib/Tactic/Constructor.html",
     "36407afb986c4b70"],
    ["/home/runner/work/M1_ENS_26/M1_ENS_26/docbuild/.lake/build/doc/Mathlib/Tactic/Contrapose.html",
     "3f1aeed6f25ed6e7"],
    ["/home/runner/work/M1_ENS_26/M1_ENS_26/docbuild/.lake/build/doc/Mathlib/Tactic/Conv.html",
     "498940d4212a931a"],
    ["/home/runner/work/M1_ENS_26/M1_ENS_26/docbuild/.lake/build/doc/Mathlib/Tactic/Convert.html",
     "586fffc7c08b8988"],
    ["/home/runner/work/M1_ENS_26/M1_ENS_26/docbuild/.lake/build/doc/Mathlib/Tactic/DefEqTransformations.html",
     "59bb4384d1f1cc9d"],
    ["/home/runner/work/M1_ENS_26/M1_ENS_26/docbuild/.lake/build/doc/Mathlib/Tactic/DeprecateTo.html",
     "45d79353b041740d"],
    ["/home/runner/work/M1_ENS_26/M1_ENS_26/docbuild/.lake/build/doc/Mathlib/Tactic/ErwQuestion.html",
     "10e6253d768909b7"],
    ["/home/runner/work/M1_ENS_26/M1_ENS_26/docbuild/.lake/build/doc/Mathlib/Tactic/Eqns.html",
     "18082980b090e518"],
    ["/home/runner/work/M1_ENS_26/M1_ENS_26/docbuild/.lake/build/doc/Mathlib/Tactic/ExistsI.html",
     "9384504dd81968b6"],
    ["/home/runner/work/M1_ENS_26/M1_ENS_26/docbuild/.lake/build/doc/Mathlib/Tactic/ExtractGoal.html",
     "a4e2616a760fba9c"],
    ["/home/runner/work/M1_ENS_26/M1_ENS_26/docbuild/.lake/build/doc/Mathlib/Tactic/FailIfNoProgress.html",
     "b7d811cf5963c51e"],
    ["/home/runner/work/M1_ENS_26/M1_ENS_26/docbuild/.lake/build/doc/Mathlib/Tactic/Find.html",
     "3ca7d8c2ae7e43a5"],
    ["/home/runner/work/M1_ENS_26/M1_ENS_26/docbuild/.lake/build/doc/Mathlib/Tactic/FunProp.html",
     "83450741b49b5f06"],
    ["/home/runner/work/M1_ENS_26/M1_ENS_26/docbuild/.lake/build/doc/Mathlib/Tactic/GCongr.html",
     "f67d682c23f087c9"],
    ["/home/runner/work/M1_ENS_26/M1_ENS_26/docbuild/.lake/build/doc/Mathlib/Tactic/GRewrite.html",
     "3405d5f4283acaf0"],
    ["/home/runner/work/M1_ENS_26/M1_ENS_26/docbuild/.lake/build/doc/Mathlib/Tactic/GuardGoalNums.html",
     "7b3521bd871d8286"],
    ["/home/runner/work/M1_ENS_26/M1_ENS_26/docbuild/.lake/build/doc/Mathlib/Tactic/GuardHypNums.html",
     "381d39a5cffaa1ef"],
    ["/home/runner/work/M1_ENS_26/M1_ENS_26/docbuild/.lake/build/doc/Mathlib/Tactic/HigherOrder.html",
     "4e3aa3f051199db6"],
    ["/home/runner/work/M1_ENS_26/M1_ENS_26/docbuild/.lake/build/doc/Mathlib/Tactic/Hint.html",
     "5920270ce12a4ac7"],
    ["/home/runner/work/M1_ENS_26/M1_ENS_26/docbuild/.lake/build/doc/Mathlib/Tactic/InferParam.html",
     "124cf93072570bf0"],
    ["/home/runner/work/M1_ENS_26/M1_ENS_26/docbuild/.lake/build/doc/Mathlib/Tactic/Inhabit.html",
     "269cd02aeceb360f"],
    ["/home/runner/work/M1_ENS_26/M1_ENS_26/docbuild/.lake/build/doc/Mathlib/Tactic/IrreducibleDef.html",
     "3bb93b5ba66e6dac"],
    ["/home/runner/work/M1_ENS_26/M1_ENS_26/docbuild/.lake/build/doc/Mathlib/Tactic/Lift.html",
     "07f953ce419f84b1"],
    ["/home/runner/work/M1_ENS_26/M1_ENS_26/docbuild/.lake/build/doc/Mathlib/Tactic/Linter.html",
     "ba4658279a35eade"],
    ["/home/runner/work/M1_ENS_26/M1_ENS_26/docbuild/.lake/build/doc/Mathlib/Tactic/MkIffOfInductiveProp.html",
     "c80cea985f94bac5"],
    ["/home/runner/work/M1_ENS_26/M1_ENS_26/docbuild/.lake/build/doc/Mathlib/Tactic/NthRewrite.html",
     "9ee73302223128b9"],
    ["/home/runner/work/M1_ENS_26/M1_ENS_26/docbuild/.lake/build/doc/Mathlib/Tactic/Observe.html",
     "130e1ac8ac53daed"],
    ["/home/runner/work/M1_ENS_26/M1_ENS_26/docbuild/.lake/build/doc/Mathlib/Tactic/OfNat.html",
     "2d44421c3136ebe7"],
    ["/home/runner/work/M1_ENS_26/M1_ENS_26/docbuild/.lake/build/doc/Mathlib/Tactic/Push.html",
     "423d5e2556702778"],
    ["/home/runner/work/M1_ENS_26/M1_ENS_26/docbuild/.lake/build/doc/Mathlib/Tactic/RSuffices.html",
     "fbcc0b0e2e9fe7c1"],
    ["/home/runner/work/M1_ENS_26/M1_ENS_26/docbuild/.lake/build/doc/Mathlib/Tactic/Recover.html",
     "1c67c7900bd69947"],
    ["/home/runner/work/M1_ENS_26/M1_ENS_26/docbuild/.lake/build/doc/Mathlib/Tactic/Relation/Rfl.html",
     "92f7f9fb32c968c6"],
    ["/home/runner/work/M1_ENS_26/M1_ENS_26/docbuild/.lake/build/doc/Mathlib/Tactic/Rename.html",
     "28c4273a0ea61b18"],
    ["/home/runner/work/M1_ENS_26/M1_ENS_26/docbuild/.lake/build/doc/Mathlib/Tactic/RenameBVar.html",
     "92551ff21ad2f6d0"],
    ["/home/runner/work/M1_ENS_26/M1_ENS_26/docbuild/.lake/build/doc/Mathlib/Tactic/Says.html",
     "879b2547311815e3"],
    ["/home/runner/work/M1_ENS_26/M1_ENS_26/docbuild/.lake/build/doc/Mathlib/Tactic/ScopedNS.html",
     "d2970327170b2436"],
    ["/home/runner/work/M1_ENS_26/M1_ENS_26/docbuild/.lake/build/doc/Mathlib/Tactic/Set.html",
     "6244934e5f4e5e79"],
    ["/home/runner/work/M1_ENS_26/M1_ENS_26/docbuild/.lake/build/doc/Mathlib/Tactic/SimpIntro.html",
     "f6a4e658ee309118"],
    ["/home/runner/work/M1_ENS_26/M1_ENS_26/docbuild/.lake/build/doc/Mathlib/Tactic/SimpRw.html",
     "a3355e80ad5289a3"],
    ["/home/runner/work/M1_ENS_26/M1_ENS_26/docbuild/.lake/build/doc/Mathlib/Tactic/Simps/Basic.html",
     "24850c54fc18e83a"],
    ["/home/runner/work/M1_ENS_26/M1_ENS_26/docbuild/.lake/build/doc/Mathlib/Tactic/SplitIfs.html",
     "c457da74ecc7dff5"],
    ["/home/runner/work/M1_ENS_26/M1_ENS_26/docbuild/.lake/build/doc/Mathlib/Tactic/Spread.html",
     "a08d6b5b5a3f4613"],
    ["/home/runner/work/M1_ENS_26/M1_ENS_26/docbuild/.lake/build/doc/Mathlib/Tactic/Subsingleton.html",
     "a8cd50b39a07bebf"],
    ["/home/runner/work/M1_ENS_26/M1_ENS_26/docbuild/.lake/build/doc/Mathlib/Tactic/Substs.html",
     "46a290e8de15e026"],
    ["/home/runner/work/M1_ENS_26/M1_ENS_26/docbuild/.lake/build/doc/Mathlib/Tactic/SuccessIfFailWithMsg.html",
     "6c19f557387dac5c"],
    ["/home/runner/work/M1_ENS_26/M1_ENS_26/docbuild/.lake/build/doc/Mathlib/Tactic/SudoSetOption.html",
     "d38c54f5d90d0df5"],
    ["/home/runner/work/M1_ENS_26/M1_ENS_26/docbuild/.lake/build/doc/Mathlib/Tactic/SwapVar.html",
     "66174692594754d0"],
    ["/home/runner/work/M1_ENS_26/M1_ENS_26/docbuild/.lake/build/doc/Mathlib/Tactic/Tauto.html",
     "2593404aeb18242d"],
    ["/home/runner/work/M1_ENS_26/M1_ENS_26/docbuild/.lake/build/doc/Mathlib/Tactic/TermCongr.html",
     "c68517879e64a602"],
    ["/home/runner/work/M1_ENS_26/M1_ENS_26/docbuild/.lake/build/doc/Mathlib/Tactic/ToExpr.html",
     "c6226674b2742581"],
    ["/home/runner/work/M1_ENS_26/M1_ENS_26/docbuild/.lake/build/doc/Mathlib/Tactic/ToLevel.html",
     "04384544abdf0c7b"],
    ["/home/runner/work/M1_ENS_26/M1_ENS_26/docbuild/.lake/build/doc/Mathlib/Tactic/Trace.html",
     "0eaecc7ad2eeeede"],
    ["/home/runner/work/M1_ENS_26/M1_ENS_26/docbuild/.lake/build/doc/Mathlib/Tactic/TypeCheck.html",
     "e75636591801cf76"],
    ["/home/runner/work/M1_ENS_26/M1_ENS_26/docbuild/.lake/build/doc/Mathlib/Tactic/UnsetOption.html",
     "d9d7daccf2c0d63e"],
    ["/home/runner/work/M1_ENS_26/M1_ENS_26/docbuild/.lake/build/doc/Mathlib/Tactic/Use.html",
     "a295a0775e2e0e78"],
    ["/home/runner/work/M1_ENS_26/M1_ENS_26/docbuild/.lake/build/doc/Mathlib/Tactic/Variable.html",
     "b12d022b8b40f0e9"],
    ["/home/runner/work/M1_ENS_26/M1_ENS_26/docbuild/.lake/build/doc/Mathlib/Tactic/Widget/Calc.html",
     "37a0a00a7a92433a"],
    ["/home/runner/work/M1_ENS_26/M1_ENS_26/docbuild/.lake/build/doc/Mathlib/Tactic/Widget/CongrM.html",
     "496791d8508557fb"],
    ["/home/runner/work/M1_ENS_26/M1_ENS_26/docbuild/.lake/build/doc/Mathlib/Tactic/Widget/Conv.html",
     "e225418ec14a17b9"],
    ["/home/runner/work/M1_ENS_26/M1_ENS_26/docbuild/.lake/build/doc/Mathlib/Tactic/Widget/LibraryRewrite.html",
     "a45513e51c13c474"],
    ["/home/runner/work/M1_ENS_26/M1_ENS_26/docbuild/.lake/build/doc/Mathlib/Tactic/WLOG.html",
     "fc122003f4d29129"],
    ["/home/runner/work/M1_ENS_26/M1_ENS_26/docbuild/.lake/build/doc/Mathlib/Util/AssertExists.html",
     "43884cbcb5aca786"],
    ["/home/runner/work/M1_ENS_26/M1_ENS_26/docbuild/.lake/build/doc/Mathlib/Util/CountHeartbeats.html",
     "95d5cff393faf0c3"],
    ["/home/runner/work/M1_ENS_26/M1_ENS_26/docbuild/.lake/build/doc/Mathlib/Util/PrintSorries.html",
     "d5cabf57b57dbffd"],
    ["/home/runner/work/M1_ENS_26/M1_ENS_26/docbuild/.lake/build/doc/Mathlib/Util/TransImports.html",
     "67179d7f42aabb19"],
    ["/home/runner/work/M1_ENS_26/M1_ENS_26/docbuild/.lake/build/doc/Mathlib/Util/WhatsNew.html",
     "5edc32478924a468"]]],
  ["/home/runner/work/M1_ENS_26/M1_ENS_26/docbuild/.lake/build/doc-data/references.json",
   "a50f2257f35adb49"],
  ["/home/runner/work/M1_ENS_26/M1_ENS_26/.lake/packages/doc-gen4/.lake/build/bin/doc-gen4",
   "aecbeac3e0b55b70"],
  ["Mathlib.Tactic.Common:leanArts", "5338476822c34e0b"]],
 "depHash": "2ec7400fc413c1c4"}