{"synthetic": false,
 "schemaVersion": "2025-09-10",
 "outputs": null,
 "log":
 [{"message":
   ".> ELAN=elan ELAN_HOME=/home/runner/.elan ELAN_TOOLCHAIN=leanprover/lean4:v4.27.0-rc1 LAKE=/home/runner/.elan/toolchains/leanprover--lean4---v4.27.0-rc1/bin/lake LAKE_HOME=/home/runner/.elan/toolchains/leanprover--lean4---v4.27.0-rc1 LAKE_PKG_URL_MAP={} LAKE_NO_CACHE=false LAKE_ARTIFACT_CACHE=false LAKE_CACHE_KEY= LAKE_CACHE_ARTIFACT_ENDPOINT= LAKE_CACHE_REVISION_ENDPOINT= LEAN=/home/runner/.elan/toolchains/leanprover--lean4---v4.27.0-rc1/bin/lean LEAN_SYSROOT=/home/runner/.elan/toolchains/leanprover--lean4---v4.27.0-rc1 LEAN_AR=/home/runner/.elan/toolchains/leanprover--lean4---v4.27.0-rc1/bin/llvm-ar LEAN_CC= LAKE_CACHE_DIR=/home/runner/.elan/toolchains/leanprover--lean4---v4.27.0-rc1/lake/cache LEAN_PATH=/home/runner/work/M1_ENS_26/M1_ENS_26/.lake/packages/batteries/.lake/build/lib/lean:/home/runner/work/M1_ENS_26/M1_ENS_26/.lake/packages/Qq/.lake/build/lib/lean:/home/runner/work/M1_ENS_26/M1_ENS_26/.lake/packages/aesop/.lake/build/lib/lean:/home/runner/work/M1_ENS_26/M1_ENS_26/.lake/packages/proofwidgets/.lake/build/lib/lean:/home/runner/work/M1_ENS_26/M1_ENS_26/.lake/packages/importGraph/.lake/build/lib/lean:/home/runner/work/M1_ENS_26/M1_ENS_26/.lake/packages/LeanSearchClient/.lake/build/lib/lean:/home/runner/work/M1_ENS_26/M1_ENS_26/.lake/packages/plausible/.lake/build/lib/lean:/home/runner/work/M1_ENS_26/M1_ENS_26/.lake/packages/mathlib/.lake/build/lib/lean:/home/runner/work/M1_ENS_26/M1_ENS_26/.lake/packages/MD4Lean/.lake/build/lib/lean:/home/runner/work/M1_ENS_26/M1_ENS_26/.lake/packages/BibtexQuery/.lake/build/lib/lean:/home/runner/work/M1_ENS_26/M1_ENS_26/.lake/packages/UnicodeBasic/.lake/build/lib/lean:/home/runner/work/M1_ENS_26/M1_ENS_26/.lake/packages/Cli/.lake/build/lib/lean:/home/runner/work/M1_ENS_26/M1_ENS_26/.lake/build/lib/lean:/home/runner/work/M1_ENS_26/M1_ENS_26/.lake/packages/doc-gen4/.lake/build/lib/lean:/home/runner/work/M1_ENS_26/M1_ENS_26/docbuild/.lake/build/lib/lean:/home/runner/.elan/toolchains/leanprover--lean4---v4.27.0-rc1/lib/lean LEAN_SRC_PATH=/home/runner/work/M1_ENS_26/M1_ENS_26/.lake/packages/batteries:/home/runner/work/M1_ENS_26/M1_ENS_26/.lake/packages/batteries:/home/runner/work/M1_ENS_26/M1_ENS_26/.lake/packages/Qq:/home/runner/work/M1_ENS_26/M1_ENS_26/.lake/packages/Qq:/home/runner/work/M1_ENS_26/M1_ENS_26/.lake/packages/aesop:/home/runner/work/M1_ENS_26/M1_ENS_26/.lake/packages/aesop:/home/runner/work/M1_ENS_26/M1_ENS_26/.lake/packages/proofwidgets:/home/runner/work/M1_ENS_26/M1_ENS_26/.lake/packages/proofwidgets:/home/runner/work/M1_ENS_26/M1_ENS_26/.lake/packages/proofwidgets:/home/runner/work/M1_ENS_26/M1_ENS_26/.lake/packages/importGraph:/home/runner/work/M1_ENS_26/M1_ENS_26/.lake/packages/importGraph:/home/runner/work/M1_ENS_26/M1_ENS_26/.lake/packages/LeanSearchClient:/home/runner/work/M1_ENS_26/M1_ENS_26/.lake/packages/LeanSearchClient:/home/runner/work/M1_ENS_26/M1_ENS_26/.lake/packages/plausible:/home/runner/work/M1_ENS_26/M1_ENS_26/.lake/packages/plausible:/home/runner/work/M1_ENS_26/M1_ENS_26/.lake/packages/mathlib:/home/runner/work/M1_ENS_26/M1_ENS_26/.lake/packages/mathlib:/home/runner/work/M1_ENS_26/M1_ENS_26/.lake/packages/mathlib:/home/runner/work/M1_ENS_26/M1_ENS_26/.lake/packages/mathlib:/home/runner/work/M1_ENS_26/M1_ENS_26/.lake/packages/mathlib:/home/runner/work/M1_ENS_26/M1_ENS_26/.lake/packages/mathlib:/home/runner/work/M1_ENS_26/M1_ENS_26/.lake/packages/mathlib:/home/runner/work/M1_ENS_26/M1_ENS_26/.lake/packages/MD4Lean:/home/runner/work/M1_ENS_26/M1_ENS_26/.lake/packages/MD4Lean:/home/runner/work/M1_ENS_26/M1_ENS_26/.lake/packages/BibtexQuery:/home/runner/work/M1_ENS_26/M1_ENS_26/.lake/packages/UnicodeBasic:/home/runner/work/M1_ENS_26/M1_ENS_26/.lake/packages/UnicodeBasic:/home/runner/work/M1_ENS_26/M1_ENS_26/.lake/packages/Cli:/home/runner/work/M1_ENS_26/M1_ENS_26/.lake/packages/Cli:/home/runner/work/M1_ENS_26/M1_ENS_26:/home/runner/work/M1_ENS_26/M1_ENS_26/.lake/packages/doc-gen4:/home/runner/.elan/toolchains/leanprover--lean4---v4.27.0-rc1/src/lean/lake LEAN_GITHASH=2fcce7258eeb6e324366bc25f9058293b04b7547 PATH LD_LIBRARY_PATH=/home/runner/.elan/toolchains/leanprover--lean4---v4.27.0-rc1/lib/lean:/home/runner/.elan/toolchains/leanprover--lean4---v4.27.0-rc1/lib:/home/runner/work/M1_ENS_26/M1_ENS_26/docbuild/.lake/build/lib:/home/runner/work/M1_ENS_26/M1_ENS_26/.lake/packages/doc-gen4/.lake/build/lib:/home/runner/work/M1_ENS_26/M1_ENS_26/.lake/build/lib:/home/runner/work/M1_ENS_26/M1_ENS_26/.lake/packages/Cli/.lake/build/lib:/home/runner/work/M1_ENS_26/M1_ENS_26/.lake/packages/UnicodeBasic/.lake/build/lib:/home/runner/work/M1_ENS_26/M1_ENS_26/.lake/packages/BibtexQuery/.lake/build/lib:/home/runner/work/M1_ENS_26/M1_ENS_26/.lake/packages/MD4Lean/.lake/build/lib:/home/runner/work/M1_ENS_26/M1_ENS_26/.lake/packages/mathlib/.lake/build/lib:/home/runner/work/M1_ENS_26/M1_ENS_26/.lake/packages/plausible/.lake/build/lib:/home/runner/work/M1_ENS_26/M1_ENS_26/.lake/packages/LeanSearchClient/.lake/build/lib:/home/runner/work/M1_ENS_26/M1_ENS_26/.lake/packages/importGraph/.lake/build/lib:/home/runner/work/M1_ENS_26/M1_ENS_26/.lake/packages/proofwidgets/.lake/build/lib:/home/runner/work/M1_ENS_26/M1_ENS_26/.lake/packages/aesop/.lake/build/lib:/home/runner/work/M1_ENS_26/M1_ENS_26/.lake/packages/Qq/.lake/build/lib:/home/runner/work/M1_ENS_26/M1_ENS_26/.lake/packages/batteries/.lake/build/lib /home/runner/work/M1_ENS_26/M1_ENS_26/.lake/packages/doc-gen4/.lake/build/bin/doc-gen4 single --build /home/runner/work/M1_ENS_26/M1_ENS_26/docbuild/.lake/build Mathlib.NumberTheory.Real.GoldenRatio https://github.com/leanprover-community/mathlib4/blob/32d24245c7a12ded17325299fd41d412022cd3fe/Mathlib/NumberTheory/Real/GoldenRatio.lean",
   "level": "trace"}],
 "inputs":
 [["<collection>",
   [["/home/runner/work/M1_ENS_26/M1_ENS_26/docbuild/.lake/build/doc/Mathlib/Algebra/EuclideanDomain/Basic.html",
     "95a935140da138d8"],
    ["/home/runner/work/M1_ENS_26/M1_ENS_26/docbuild/.lake/build/doc/Mathlib/Algebra/LinearRecurrence.html",
     "86f5a51961de5181"],
    ["/home/runner/work/M1_ENS_26/M1_ENS_26/docbuild/.lake/build/doc/Mathlib/Data/Fin/VecNotation.html",
     "94078a6ed969d4e5"],
    ["/home/runner/work/M1_ENS_26/M1_ENS_26/docbuild/.lake/build/doc/Mathlib/Data/Int/Fib/Basic.html",
     "7ad6359b747e7403"],
    ["/home/runner/work/M1_ENS_26/M1_ENS_26/docbuild/.lake/build/doc/Mathlib/NumberTheory/Real/Irrational.html",
     "f7c3213082c7b292"],
    ["/home/runner/work/M1_ENS_26/M1_ENS_26/docbuild/.lake/build/doc/Mathlib/Tactic/NormNum/NatFib.html",
     "dc202014a6830ed2"],
    ["/home/runner/work/M1_ENS_26/M1_ENS_26/docbuild/.lake/build/doc/Mathlib/Tactic/NormNum/Prime.html",
     "f1f205fccfaa107f"]]],
  ["/home/runner/work/M1_ENS_26/M1_ENS_26/docbuild/.lake/build/doc-data/references.json",
   "a50f2257f35adb49"],
  ["/home/runner/work/M1_ENS_26/M1_ENS_26/.lake/packages/doc-gen4/.lake/build/bin/doc-gen4",
   "aecbeac3e0b55b70"],
  ["Mathlib.NumberTheory.Real.GoldenRatio:leanArts", "8e3fc3d6603565bc"]],
 "depHash": "092fc446ab67a098"}