{"synthetic": false,
 "schemaVersion": "2025-09-10",
 "outputs": null,
 "log":
 [{"message":
   ".> ELAN=elan ELAN_HOME=/home/runner/.elan ELAN_TOOLCHAIN=leanprover/lean4:v4.27.0-rc1 LAKE=/home/runner/.elan/toolchains/leanprover--lean4---v4.27.0-rc1/bin/lake LAKE_HOME=/home/runner/.elan/toolchains/leanprover--lean4---v4.27.0-rc1 LAKE_PKG_URL_MAP={} LAKE_NO_CACHE=false LAKE_ARTIFACT_CACHE=false LAKE_CACHE_KEY= LAKE_CACHE_ARTIFACT_ENDPOINT= LAKE_CACHE_REVISION_ENDPOINT= LEAN=/home/runner/.elan/toolchains/leanprover--lean4---v4.27.0-rc1/bin/lean LEAN_SYSROOT=/home/runner/.elan/toolchains/leanprover--lean4---v4.27.0-rc1 LEAN_AR=/home/runner/.elan/toolchains/leanprover--lean4---v4.27.0-rc1/bin/llvm-ar LEAN_CC= LAKE_CACHE_DIR=/home/runner/.elan/toolchains/leanprover--lean4---v4.27.0-rc1/lake/cache LEAN_PATH=/home/runner/work/M1_ENS_26/M1_ENS_26/.lake/packages/batteries/.lake/build/lib/lean:/home/runner/work/M1_ENS_26/M1_ENS_26/.lake/packages/Qq/.lake/build/lib/lean:/home/runner/work/M1_ENS_26/M1_ENS_26/.lake/packages/aesop/.lake/build/lib/lean:/home/runner/work/M1_ENS_26/M1_ENS_26/.lake/packages/proofwidgets/.lake/build/lib/lean:/home/runner/work/M1_ENS_26/M1_ENS_26/.lake/packages/importGraph/.lake/build/lib/lean:/home/runner/work/M1_ENS_26/M1_ENS_26/.lake/packages/LeanSearchClient/.lake/build/lib/lean:/home/runner/work/M1_ENS_26/M1_ENS_26/.lake/packages/plausible/.lake/build/lib/lean:/home/runner/work/M1_ENS_26/M1_ENS_26/.lake/packages/mathlib/.lake/build/lib/lean:/home/runner/work/M1_ENS_26/M1_ENS_26/.lake/packages/MD4Lean/.lake/build/lib/lean:/home/runner/work/M1_ENS_26/M1_ENS_26/.lake/packages/BibtexQuery/.lake/build/lib/lean:/home/runner/work/M1_ENS_26/M1_ENS_26/.lake/packages/UnicodeBasic/.lake/build/lib/lean:/home/runner/work/M1_ENS_26/M1_ENS_26/.lake/packages/Cli/.lake/build/lib/lean:/home/runner/work/M1_ENS_26/M1_ENS_26/.lake/build/lib/lean:/home/runner/work/M1_ENS_26/M1_ENS_26/.lake/packages/doc-gen4/.lake/build/lib/lean:/home/runner/work/M1_ENS_26/M1_ENS_26/docbuild/.lake/build/lib/lean:/home/runner/.elan/toolchains/leanprover--lean4---v4.27.0-rc1/lib/lean LEAN_SRC_PATH=/home/runner/work/M1_ENS_26/M1_ENS_26/.lake/packages/batteries:/home/runner/work/M1_ENS_26/M1_ENS_26/.lake/packages/batteries:/home/runner/work/M1_ENS_26/M1_ENS_26/.lake/packages/Qq:/home/runner/work/M1_ENS_26/M1_ENS_26/.lake/packages/Qq:/home/runner/work/M1_ENS_26/M1_ENS_26/.lake/packages/aesop:/home/runner/work/M1_ENS_26/M1_ENS_26/.lake/packages/aesop:/home/runner/work/M1_ENS_26/M1_ENS_26/.lake/packages/proofwidgets:/home/runner/work/M1_ENS_26/M1_ENS_26/.lake/packages/proofwidgets:/home/runner/work/M1_ENS_26/M1_ENS_26/.lake/packages/proofwidgets:/home/runner/work/M1_ENS_26/M1_ENS_26/.lake/packages/importGraph:/home/runner/work/M1_ENS_26/M1_ENS_26/.lake/packages/importGraph:/home/runner/work/M1_ENS_26/M1_ENS_26/.lake/packages/LeanSearchClient:/home/runner/work/M1_ENS_26/M1_ENS_26/.lake/packages/LeanSearchClient:/home/runner/work/M1_ENS_26/M1_ENS_26/.lake/packages/plausible:/home/runner/work/M1_ENS_26/M1_ENS_26/.lake/packages/plausible:/home/runner/work/M1_ENS_26/M1_ENS_26/.lake/packages/mathlib:/home/runner/work/M1_ENS_26/M1_ENS_26/.lake/packages/mathlib:/home/runner/work/M1_ENS_26/M1_ENS_26/.lake/packages/mathlib:/home/runner/work/M1_ENS_26/M1_ENS_26/.lake/packages/mathlib:/home/runner/work/M1_ENS_26/M1_ENS_26/.lake/packages/mathlib:/home/runner/work/M1_ENS_26/M1_ENS_26/.lake/packages/mathlib:/home/runner/work/M1_ENS_26/M1_ENS_26/.lake/packages/mathlib:/home/runner/work/M1_ENS_26/M1_ENS_26/.lake/packages/MD4Lean:/home/runner/work/M1_ENS_26/M1_ENS_26/.lake/packages/MD4Lean:/home/runner/work/M1_ENS_26/M1_ENS_26/.lake/packages/BibtexQuery:/home/runner/work/M1_ENS_26/M1_ENS_26/.lake/packages/UnicodeBasic:/home/runner/work/M1_ENS_26/M1_ENS_26/.lake/packages/UnicodeBasic:/home/runner/work/M1_ENS_26/M1_ENS_26/.lake/packages/Cli:/home/runner/work/M1_ENS_26/M1_ENS_26/.lake/packages/Cli:/home/runner/work/M1_ENS_26/M1_ENS_26:/home/runner/work/M1_ENS_26/M1_ENS_26/.lake/packages/doc-gen4:/home/runner/.elan/toolchains/leanprover--lean4---v4.27.0-rc1/src/lean/lake LEAN_GITHASH=2fcce7258eeb6e324366bc25f9058293b04b7547 PATH LD_LIBRARY_PATH=/home/runner/.elan/toolchains/leanprover--lean4---v4.27.0-rc1/lib/lean:/home/runner/.elan/toolchains/leanprover--lean4---v4.27.0-rc1/lib:/home/runner/work/M1_ENS_26/M1_ENS_26/docbuild/.lake/build/lib:/home/runner/work/M1_ENS_26/M1_ENS_26/.lake/packages/doc-gen4/.lake/build/lib:/home/runner/work/M1_ENS_26/M1_ENS_26/.lake/build/lib:/home/runner/work/M1_ENS_26/M1_ENS_26/.lake/packages/Cli/.lake/build/lib:/home/runner/work/M1_ENS_26/M1_ENS_26/.lake/packages/UnicodeBasic/.lake/build/lib:/home/runner/work/M1_ENS_26/M1_ENS_26/.lake/packages/BibtexQuery/.lake/build/lib:/home/runner/work/M1_ENS_26/M1_ENS_26/.lake/packages/MD4Lean/.lake/build/lib:/home/runner/work/M1_ENS_26/M1_ENS_26/.lake/packages/mathlib/.lake/build/lib:/home/runner/work/M1_ENS_26/M1_ENS_26/.lake/packages/plausible/.lake/build/lib:/home/runner/work/M1_ENS_26/M1_ENS_26/.lake/packages/LeanSearchClient/.lake/build/lib:/home/runner/work/M1_ENS_26/M1_ENS_26/.lake/packages/importGraph/.lake/build/lib:/home/runner/work/M1_ENS_26/M1_ENS_26/.lake/packages/proofwidgets/.lake/build/lib:/home/runner/work/M1_ENS_26/M1_ENS_26/.lake/packages/aesop/.lake/build/lib:/home/runner/work/M1_ENS_26/M1_ENS_26/.lake/packages/Qq/.lake/build/lib:/home/runner/work/M1_ENS_26/M1_ENS_26/.lake/packages/batteries/.lake/build/lib /home/runner/work/M1_ENS_26/M1_ENS_26/.lake/packages/doc-gen4/.lake/build/bin/doc-gen4 single --build /home/runner/work/M1_ENS_26/M1_ENS_26/docbuild/.lake/build Mathlib.Tactic https://github.com/leanprover-community/mathlib4/blob/32d24245c7a12ded17325299fd41d412022cd3fe/Mathlib/Tactic.lean",
   "level": "trace"}],
 "inputs":
 [["<collection>",
   [["/home/runner/work/M1_ENS_26/M1_ENS_26/docbuild/.lake/build/doc/Mathlib/Tactic/Abel.html",
     "d8065d9c8ecc8228"],
    ["/home/runner/work/M1_ENS_26/M1_ENS_26/docbuild/.lake/build/doc/Mathlib/Tactic/AdaptationNote.html",
     "1a026ac3115ec6c2"],
    ["/home/runner/work/M1_ENS_26/M1_ENS_26/docbuild/.lake/build/doc/Mathlib/Tactic/Algebraize.html",
     "bf5f7ab609bb1919"],
    ["/home/runner/work/M1_ENS_26/M1_ENS_26/docbuild/.lake/build/doc/Mathlib/Tactic/ApplyAt.html",
     "cb71645df0857e14"],
    ["/home/runner/work/M1_ENS_26/M1_ENS_26/docbuild/.lake/build/doc/Mathlib/Tactic/ApplyCongr.html",
     "d84f4af39c85d037"],
    ["/home/runner/work/M1_ENS_26/M1_ENS_26/docbuild/.lake/build/doc/Mathlib/Tactic/ApplyFun.html",
     "fa71e83b09ba9022"],
    ["/home/runner/work/M1_ENS_26/M1_ENS_26/docbuild/.lake/build/doc/Mathlib/Tactic/ApplyWith.html",
     "1f2e9c970d8a1161"],
    ["/home/runner/work/M1_ENS_26/M1_ENS_26/docbuild/.lake/build/doc/Mathlib/Tactic/ArithMult.html",
     "c3882aafc856add3"],
    ["/home/runner/work/M1_ENS_26/M1_ENS_26/docbuild/.lake/build/doc/Mathlib/Tactic/ArithMult/Init.html",
     "511b026c4f06c6b2"],
    ["/home/runner/work/M1_ENS_26/M1_ENS_26/docbuild/.lake/build/doc/Mathlib/Tactic/Attr/Core.html",
     "3060e91125ac1db2"],
    ["/home/runner/work/M1_ENS_26/M1_ENS_26/docbuild/.lake/build/doc/Mathlib/Tactic/Attr/Register.html",
     "16c42756264e9b11"],
    ["/home/runner/work/M1_ENS_26/M1_ENS_26/docbuild/.lake/build/doc/Mathlib/Tactic/Basic.html",
     "ff272f458b086c59"],
    ["/home/runner/work/M1_ENS_26/M1_ENS_26/docbuild/.lake/build/doc/Mathlib/Tactic/Bound.html",
     "6d181cfd1c854bce"],
    ["/home/runner/work/M1_ENS_26/M1_ENS_26/docbuild/.lake/build/doc/Mathlib/Tactic/Bound/Attribute.html",
     "cb9a357ebcbc47f3"],
    ["/home/runner/work/M1_ENS_26/M1_ENS_26/docbuild/.lake/build/doc/Mathlib/Tactic/Bound/Init.html",
     "cc9a648de1ec0cb6"],
    ["/home/runner/work/M1_ENS_26/M1_ENS_26/docbuild/.lake/build/doc/Mathlib/Tactic/ByCases.html",
     "eb338463cd4d7a50"],
    ["/home/runner/work/M1_ENS_26/M1_ENS_26/docbuild/.lake/build/doc/Mathlib/Tactic/ByContra.html",
     "e2b45432d713c6e7"],
    ["/home/runner/work/M1_ENS_26/M1_ENS_26/docbuild/.lake/build/doc/Mathlib/Tactic/CC.html",
     "46dc824067349425"],
    ["/home/runner/work/M1_ENS_26/M1_ENS_26/docbuild/.lake/build/doc/Mathlib/Tactic/CC/Addition.html",
     "3ff6c3e8490afc93"],
    ["/home/runner/work/M1_ENS_26/M1_ENS_26/docbuild/.lake/build/doc/Mathlib/Tactic/CC/Datatypes.html",
     "4142bb32e60647ec"],
    ["/home/runner/work/M1_ENS_26/M1_ENS_26/docbuild/.lake/build/doc/Mathlib/Tactic/CC/Lemmas.html",
     "8ce58fe5ac5c967a"],
    ["/home/runner/work/M1_ENS_26/M1_ENS_26/docbuild/.lake/build/doc/Mathlib/Tactic/CC/MkProof.html",
     "c8be47dddb903f90"],
    ["/home/runner/work/M1_ENS_26/M1_ENS_26/docbuild/.lake/build/doc/Mathlib/Tactic/CancelDenoms.html",
     "339e810ac6bf23ed"],
    ["/home/runner/work/M1_ENS_26/M1_ENS_26/docbuild/.lake/build/doc/Mathlib/Tactic/CancelDenoms/Core.html",
     "36739eb2663e2bf5"],
    ["/home/runner/work/M1_ENS_26/M1_ENS_26/docbuild/.lake/build/doc/Mathlib/Tactic/Cases.html",
     "eddc30c388fde71b"],
    ["/home/runner/work/M1_ENS_26/M1_ENS_26/docbuild/.lake/build/doc/Mathlib/Tactic/CasesM.html",
     "a7ff1435b772912f"],
    ["/home/runner/work/M1_ENS_26/M1_ENS_26/docbuild/.lake/build/doc/Mathlib/Tactic/CategoryTheory/BicategoricalComp.html",
     "3a368e3726029817"],
    ["/home/runner/work/M1_ENS_26/M1_ENS_26/docbuild/.lake/build/doc/Mathlib/Tactic/CategoryTheory/Bicategory/Basic.html",
     "748cdd28894337bd"],
    ["/home/runner/work/M1_ENS_26/M1_ENS_26/docbuild/.lake/build/doc/Mathlib/Tactic/CategoryTheory/Bicategory/Datatypes.html",
     "6c56d184dd9f379d"],
    ["/home/runner/work/M1_ENS_26/M1_ENS_26/docbuild/.lake/build/doc/Mathlib/Tactic/CategoryTheory/Bicategory/Normalize.html",
     "778212b980b231a0"],
    ["/home/runner/work/M1_ENS_26/M1_ENS_26/docbuild/.lake/build/doc/Mathlib/Tactic/CategoryTheory/Bicategory/PureCoherence.html",
     "e9bbbcad690e2b06"],
    ["/home/runner/work/M1_ENS_26/M1_ENS_26/docbuild/.lake/build/doc/Mathlib/Tactic/CategoryTheory/BicategoryCoherence.html",
     "8f75413aab47a6ff"],
    ["/home/runner/work/M1_ENS_26/M1_ENS_26/docbuild/.lake/build/doc/Mathlib/Tactic/CategoryTheory/CategoryStar.html",
     "a8d7dec59edf087f"],
    ["/home/runner/work/M1_ENS_26/M1_ENS_26/docbuild/.lake/build/doc/Mathlib/Tactic/CategoryTheory/CheckCompositions.html",
     "eb9a5da225afc295"],
    ["/home/runner/work/M1_ENS_26/M1_ENS_26/docbuild/.lake/build/doc/Mathlib/Tactic/CategoryTheory/Coherence.html",
     "055b05efe52e6113"],
    ["/home/runner/work/M1_ENS_26/M1_ENS_26/docbuild/.lake/build/doc/Mathlib/Tactic/CategoryTheory/Coherence/Basic.html",
     "99bcc291f490281d"],
    ["/home/runner/work/M1_ENS_26/M1_ENS_26/docbuild/.lake/build/doc/Mathlib/Tactic/CategoryTheory/Coherence/Datatypes.html",
     "caf63be19f0ab7ed"],
    ["/home/runner/work/M1_ENS_26/M1_ENS_26/docbuild/.lake/build/doc/Mathlib/Tactic/CategoryTheory/Coherence/Normalize.html",
     "0c5f6c67b1ad9093"],
    ["/home/runner/work/M1_ENS_26/M1_ENS_26/docbuild/.lake/build/doc/Mathlib/Tactic/CategoryTheory/Coherence/PureCoherence.html",
     "38379c4159ab451e"],
    ["/home/runner/work/M1_ENS_26/M1_ENS_26/docbuild/.lake/build/doc/Mathlib/Tactic/CategoryTheory/Elementwise.html",
     "10d5012ade7b5579"],
    ["/home/runner/work/M1_ENS_26/M1_ENS_26/docbuild/.lake/build/doc/Mathlib/Tactic/CategoryTheory/IsoReassoc.html",
     "75269303869a3443"],
    ["/home/runner/work/M1_ENS_26/M1_ENS_26/docbuild/.lake/build/doc/Mathlib/Tactic/CategoryTheory/Monoidal/Basic.html",
     "0e2de2abd81ba5cb"],
    ["/home/runner/work/M1_ENS_26/M1_ENS_26/docbuild/.lake/build/doc/Mathlib/Tactic/CategoryTheory/Monoidal/Datatypes.html",
     "f372a9441e7bffab"],
    ["/home/runner/work/M1_ENS_26/M1_ENS_26/docbuild/.lake/build/doc/Mathlib/Tactic/CategoryTheory/Monoidal/Normalize.html",
     "a07500f9fcb03858"],
    ["/home/runner/work/M1_ENS_26/M1_ENS_26/docbuild/.lake/build/doc/Mathlib/Tactic/CategoryTheory/Monoidal/PureCoherence.html",
     "e45a498cfa35d37b"],
    ["/home/runner/work/M1_ENS_26/M1_ENS_26/docbuild/.lake/build/doc/Mathlib/Tactic/CategoryTheory/MonoidalComp.html",
     "effd6d166bd77309"],
    ["/home/runner/work/M1_ENS_26/M1_ENS_26/docbuild/.lake/build/doc/Mathlib/Tactic/CategoryTheory/Reassoc.html",
     "6ad9af496d67cd19"],
    ["/home/runner/work/M1_ENS_26/M1_ENS_26/docbuild/.lake/build/doc/Mathlib/Tactic/CategoryTheory/Slice.html",
     "e03386a39cbe24b0"],
    ["/home/runner/work/M1_ENS_26/M1_ENS_26/docbuild/.lake/build/doc/Mathlib/Tactic/CategoryTheory/ToApp.html",
     "48294d1bf3600184"],
    ["/home/runner/work/M1_ENS_26/M1_ENS_26/docbuild/.lake/build/doc/Mathlib/Tactic/Change.html",
     "15514e3bbc46645a"],
    ["/home/runner/work/M1_ENS_26/M1_ENS_26/docbuild/.lake/build/doc/Mathlib/Tactic/Check.html",
     "0452d11f4f5fc3b9"],
    ["/home/runner/work/M1_ENS_26/M1_ENS_26/docbuild/.lake/build/doc/Mathlib/Tactic/Choose.html",
     "2a0b445b4309339a"],
    ["/home/runner/work/M1_ENS_26/M1_ENS_26/docbuild/.lake/build/doc/Mathlib/Tactic/Clean.html",
     "db5922139ca4f335"],
    ["/home/runner/work/M1_ENS_26/M1_ENS_26/docbuild/.lake/build/doc/Mathlib/Tactic/ClearExcept.html",
     "bf0b4a5b840d6b16"],
    ["/home/runner/work/M1_ENS_26/M1_ENS_26/docbuild/.lake/build/doc/Mathlib/Tactic/ClearExclamation.html",
     "49b3d9778d4ca9b7"],
    ["/home/runner/work/M1_ENS_26/M1_ENS_26/docbuild/.lake/build/doc/Mathlib/Tactic/Clear_.html",
     "ced6c86c351c4af4"],
    ["/home/runner/work/M1_ENS_26/M1_ENS_26/docbuild/.lake/build/doc/Mathlib/Tactic/Coe.html",
     "18188cabfcbcc35d"],
    ["/home/runner/work/M1_ENS_26/M1_ENS_26/docbuild/.lake/build/doc/Mathlib/Tactic/Common.html",
     "eeb1f9560c33f916"],
    ["/home/runner/work/M1_ENS_26/M1_ENS_26/docbuild/.lake/build/doc/Mathlib/Tactic/ComputeDegree.html",
     "d8eac06f8b4e7dd6"],
    ["/home/runner/work/M1_ENS_26/M1_ENS_26/docbuild/.lake/build/doc/Mathlib/Tactic/CongrExclamation.html",
     "9f1ea2dbc95760ff"],
    ["/home/runner/work/M1_ENS_26/M1_ENS_26/docbuild/.lake/build/doc/Mathlib/Tactic/CongrM.html",
     "31a00b646662060a"],
    ["/home/runner/work/M1_ENS_26/M1_ENS_26/docbuild/.lake/build/doc/Mathlib/Tactic/Constructor.html",
     "36407afb986c4b70"],
    ["/home/runner/work/M1_ENS_26/M1_ENS_26/docbuild/.lake/build/doc/Mathlib/Tactic/Continuity.html",
     "8f162578291abc56"],
    ["/home/runner/work/M1_ENS_26/M1_ENS_26/docbuild/.lake/build/doc/Mathlib/Tactic/Continuity/Init.html",
     "7340dfe12ec7dfe3"],
    ["/home/runner/work/M1_ENS_26/M1_ENS_26/docbuild/.lake/build/doc/Mathlib/Tactic/ContinuousFunctionalCalculus.html",
     "b785223f7d285a71"],
    ["/home/runner/work/M1_ENS_26/M1_ENS_26/docbuild/.lake/build/doc/Mathlib/Tactic/Contrapose.html",
     "3f1aeed6f25ed6e7"],
    ["/home/runner/work/M1_ENS_26/M1_ENS_26/docbuild/.lake/build/doc/Mathlib/Tactic/Conv.html",
     "498940d4212a931a"],
    ["/home/runner/work/M1_ENS_26/M1_ENS_26/docbuild/.lake/build/doc/Mathlib/Tactic/Convert.html",
     "586fffc7c08b8988"],
    ["/home/runner/work/M1_ENS_26/M1_ENS_26/docbuild/.lake/build/doc/Mathlib/Tactic/Core.html",
     "5abdcfe53fa9ae01"],
    ["/home/runner/work/M1_ENS_26/M1_ENS_26/docbuild/.lake/build/doc/Mathlib/Tactic/DeclarationNames.html",
     "1e1d3fb0718cbaa2"],
    ["/home/runner/work/M1_ENS_26/M1_ENS_26/docbuild/.lake/build/doc/Mathlib/Tactic/DefEqTransformations.html",
     "59bb4384d1f1cc9d"],
    ["/home/runner/work/M1_ENS_26/M1_ENS_26/docbuild/.lake/build/doc/Mathlib/Tactic/DepRewrite.html",
     "5b6880d9ac377277"],
    ["/home/runner/work/M1_ENS_26/M1_ENS_26/docbuild/.lake/build/doc/Mathlib/Tactic/DeprecateTo.html",
     "45d79353b041740d"],
    ["/home/runner/work/M1_ENS_26/M1_ENS_26/docbuild/.lake/build/doc/Mathlib/Tactic/DeriveCountable.html",
     "5ae75494b064d104"],
    ["/home/runner/work/M1_ENS_26/M1_ENS_26/docbuild/.lake/build/doc/Mathlib/Tactic/DeriveEncodable.html",
     "5394397200f6b043"],
    ["/home/runner/work/M1_ENS_26/M1_ENS_26/docbuild/.lake/build/doc/Mathlib/Tactic/DeriveFintype.html",
     "9748ef03e1f5d3e8"],
    ["/home/runner/work/M1_ENS_26/M1_ENS_26/docbuild/.lake/build/doc/Mathlib/Tactic/DeriveTraversable.html",
     "158d706d36b12e0a"],
    ["/home/runner/work/M1_ENS_26/M1_ENS_26/docbuild/.lake/build/doc/Mathlib/Tactic/ENatToNat.html",
     "f2edc6346bc14738"],
    ["/home/runner/work/M1_ENS_26/M1_ENS_26/docbuild/.lake/build/doc/Mathlib/Tactic/Eqns.html",
     "18082980b090e518"],
    ["/home/runner/work/M1_ENS_26/M1_ENS_26/docbuild/.lake/build/doc/Mathlib/Tactic/ErwQuestion.html",
     "10e6253d768909b7"],
    ["/home/runner/work/M1_ENS_26/M1_ENS_26/docbuild/.lake/build/doc/Mathlib/Tactic/Eval.html",
     "2ba3958490e8f82a"],
    ["/home/runner/work/M1_ENS_26/M1_ENS_26/docbuild/.lake/build/doc/Mathlib/Tactic/ExistsI.html",
     "9384504dd81968b6"],
    ["/home/runner/work/M1_ENS_26/M1_ENS_26/docbuild/.lake/build/doc/Mathlib/Tactic/Explode.html",
     "3ef1680fbf1e0e1b"],
    ["/home/runner/work/M1_ENS_26/M1_ENS_26/docbuild/.lake/build/doc/Mathlib/Tactic/Explode/Datatypes.html",
     "dfe04fe6e4e2ff02"],
    ["/home/runner/work/M1_ENS_26/M1_ENS_26/docbuild/.lake/build/doc/Mathlib/Tactic/Explode/Pretty.html",
     "803670b1afb85eac"],
    ["/home/runner/work/M1_ENS_26/M1_ENS_26/docbuild/.lake/build/doc/Mathlib/Tactic/Ext.html",
     "351cf8d159e04d3c"],
    ["/home/runner/work/M1_ENS_26/M1_ENS_26/docbuild/.lake/build/doc/Mathlib/Tactic/ExtendDoc.html",
     "8d1ff8dcc055a1a5"],
    ["/home/runner/work/M1_ENS_26/M1_ENS_26/docbuild/.lake/build/doc/Mathlib/Tactic/ExtractGoal.html",
     "a4e2616a760fba9c"],
    ["/home/runner/work/M1_ENS_26/M1_ENS_26/docbuild/.lake/build/doc/Mathlib/Tactic/ExtractLets.html",
     "8a1c3d5ca8ed317a"],
    ["/home/runner/work/M1_ENS_26/M1_ENS_26/docbuild/.lake/build/doc/Mathlib/Tactic/FBinop.html",
     "3a7b24a6df444bfe"],
    ["/home/runner/work/M1_ENS_26/M1_ENS_26/docbuild/.lake/build/doc/Mathlib/Tactic/FailIfNoProgress.html",
     "b7d811cf5963c51e"],
    ["/home/runner/work/M1_ENS_26/M1_ENS_26/docbuild/.lake/build/doc/Mathlib/Tactic/FastInstance.html",
     "1845ceee0610836f"],
    ["/home/runner/work/M1_ENS_26/M1_ENS_26/docbuild/.lake/build/doc/Mathlib/Tactic/Field.html",
     "212cfe4d25511b7a"],
    ["/home/runner/work/M1_ENS_26/M1_ENS_26/docbuild/.lake/build/doc/Mathlib/Tactic/FieldSimp.html",
     "25920642684318f0"],
    ["/home/runner/work/M1_ENS_26/M1_ENS_26/docbuild/.lake/build/doc/Mathlib/Tactic/FieldSimp/Attr.html",
     "22fe0c1e6e73c897"],
    ["/home/runner/work/M1_ENS_26/M1_ENS_26/docbuild/.lake/build/doc/Mathlib/Tactic/FieldSimp/Discharger.html",
     "e41dac6de1e88eff"],
    ["/home/runner/work/M1_ENS_26/M1_ENS_26/docbuild/.lake/build/doc/Mathlib/Tactic/FieldSimp/Lemmas.html",
     "6bf3e8eece44a9ee"],
    ["/home/runner/work/M1_ENS_26/M1_ENS_26/docbuild/.lake/build/doc/Mathlib/Tactic/FinCases.html",
     "e3835d71a857b783"],
    ["/home/runner/work/M1_ENS_26/M1_ENS_26/docbuild/.lake/build/doc/Mathlib/Tactic/Find.html",
     "3ca7d8c2ae7e43a5"],
    ["/home/runner/work/M1_ENS_26/M1_ENS_26/docbuild/.lake/build/doc/Mathlib/Tactic/FindSyntax.html",
     "0d0a362088533ee4"],
    ["/home/runner/work/M1_ENS_26/M1_ENS_26/docbuild/.lake/build/doc/Mathlib/Tactic/Finiteness.html",
     "bd97490011bd2c42"],
    ["/home/runner/work/M1_ENS_26/M1_ENS_26/docbuild/.lake/build/doc/Mathlib/Tactic/Finiteness/Attr.html",
     "e87b3e8079393052"],
    ["/home/runner/work/M1_ENS_26/M1_ENS_26/docbuild/.lake/build/doc/Mathlib/Tactic/FunProp.html",
     "83450741b49b5f06"],
    ["/home/runner/work/M1_ENS_26/M1_ENS_26/docbuild/.lake/build/doc/Mathlib/Tactic/FunProp/Attr.html",
     "a4a270898d1da90d"],
    ["/home/runner/work/M1_ENS_26/M1_ENS_26/docbuild/.lake/build/doc/Mathlib/Tactic/FunProp/ContDiff.html",
     "f22d5e24c0af7f22"],
    ["/home/runner/work/M1_ENS_26/M1_ENS_26/docbuild/.lake/build/doc/Mathlib/Tactic/FunProp/Core.html",
     "c35092f3c7368c8f"],
    ["/home/runner/work/M1_ENS_26/M1_ENS_26/docbuild/.lake/build/doc/Mathlib/Tactic/FunProp/Decl.html",
     "ec8c80f987c8c444"],
    ["/home/runner/work/M1_ENS_26/M1_ENS_26/docbuild/.lake/build/doc/Mathlib/Tactic/FunProp/Differentiable.html",
     "89e62e5d11c3cf98"],
    ["/home/runner/work/M1_ENS_26/M1_ENS_26/docbuild/.lake/build/doc/Mathlib/Tactic/FunProp/Elab.html",
     "668eb3078b0b0647"],
    ["/home/runner/work/M1_ENS_26/M1_ENS_26/docbuild/.lake/build/doc/Mathlib/Tactic/FunProp/FunctionData.html",
     "f9ffacf8c41ab116"],
    ["/home/runner/work/M1_ENS_26/M1_ENS_26/docbuild/.lake/build/doc/Mathlib/Tactic/FunProp/Mor.html",
     "804ea0d596d6e7f3"],
    ["/home/runner/work/M1_ENS_26/M1_ENS_26/docbuild/.lake/build/doc/Mathlib/Tactic/FunProp/Theorems.html",
     "dca02df33cb597fc"],
    ["/home/runner/work/M1_ENS_26/M1_ENS_26/docbuild/.lake/build/doc/Mathlib/Tactic/FunProp/ToBatteries.html",
     "1222cb418ff40aab"],
    ["/home/runner/work/M1_ENS_26/M1_ENS_26/docbuild/.lake/build/doc/Mathlib/Tactic/FunProp/Types.html",
     "5266b84ac6f8c6d5"],
    ["/home/runner/work/M1_ENS_26/M1_ENS_26/docbuild/.lake/build/doc/Mathlib/Tactic/GCongr.html",
     "f67d682c23f087c9"],
    ["/home/runner/work/M1_ENS_26/M1_ENS_26/docbuild/.lake/build/doc/Mathlib/Tactic/GCongr/Core.html",
     "d8b519675c2bb789"],
    ["/home/runner/work/M1_ENS_26/M1_ENS_26/docbuild/.lake/build/doc/Mathlib/Tactic/GCongr/CoreAttrs.html",
     "a5413abb0c665656"],
    ["/home/runner/work/M1_ENS_26/M1_ENS_26/docbuild/.lake/build/doc/Mathlib/Tactic/GCongr/ForwardAttr.html",
     "8c47661157614531"],
    ["/home/runner/work/M1_ENS_26/M1_ENS_26/docbuild/.lake/build/doc/Mathlib/Tactic/GRewrite.html",
     "3405d5f4283acaf0"],
    ["/home/runner/work/M1_ENS_26/M1_ENS_26/docbuild/.lake/build/doc/Mathlib/Tactic/GRewrite/Core.html",
     "fedc0294a413b664"],
    ["/home/runner/work/M1_ENS_26/M1_ENS_26/docbuild/.lake/build/doc/Mathlib/Tactic/GRewrite/Elab.html",
     "4c2c1d79c9bb06a8"],
    ["/home/runner/work/M1_ENS_26/M1_ENS_26/docbuild/.lake/build/doc/Mathlib/Tactic/Generalize.html",
     "cea3262cc11d04a9"],
    ["/home/runner/work/M1_ENS_26/M1_ENS_26/docbuild/.lake/build/doc/Mathlib/Tactic/GeneralizeProofs.html",
     "1282dfd5ddd3468d"],
    ["/home/runner/work/M1_ENS_26/M1_ENS_26/docbuild/.lake/build/doc/Mathlib/Tactic/Group.html",
     "1c18659f3d61e2f2"],
    ["/home/runner/work/M1_ENS_26/M1_ENS_26/docbuild/.lake/build/doc/Mathlib/Tactic/GuardGoalNums.html",
     "7b3521bd871d8286"],
    ["/home/runner/work/M1_ENS_26/M1_ENS_26/docbuild/.lake/build/doc/Mathlib/Tactic/GuardHypNums.html",
     "381d39a5cffaa1ef"],
    ["/home/runner/work/M1_ENS_26/M1_ENS_26/docbuild/.lake/build/doc/Mathlib/Tactic/Have.html",
     "269dabe69bd8d7b7"],
    ["/home/runner/work/M1_ENS_26/M1_ENS_26/docbuild/.lake/build/doc/Mathlib/Tactic/HaveI.html",
     "65b4e32780407e94"],
    ["/home/runner/work/M1_ENS_26/M1_ENS_26/docbuild/.lake/build/doc/Mathlib/Tactic/HigherOrder.html",
     "4e3aa3f051199db6"],
    ["/home/runner/work/M1_ENS_26/M1_ENS_26/docbuild/.lake/build/doc/Mathlib/Tactic/Hint.html",
     "5920270ce12a4ac7"],
    ["/home/runner/work/M1_ENS_26/M1_ENS_26/docbuild/.lake/build/doc/Mathlib/Tactic/ITauto.html",
     "5e64d15e87fc3227"],
    ["/home/runner/work/M1_ENS_26/M1_ENS_26/docbuild/.lake/build/doc/Mathlib/Tactic/InferParam.html",
     "124cf93072570bf0"],
    ["/home/runner/work/M1_ENS_26/M1_ENS_26/docbuild/.lake/build/doc/Mathlib/Tactic/Inhabit.html",
     "269cd02aeceb360f"],
    ["/home/runner/work/M1_ENS_26/M1_ENS_26/docbuild/.lake/build/doc/Mathlib/Tactic/IntervalCases.html",
     "163b66de9017070a"],
    ["/home/runner/work/M1_ENS_26/M1_ENS_26/docbuild/.lake/build/doc/Mathlib/Tactic/IrreducibleDef.html",
     "3bb93b5ba66e6dac"],
    ["/home/runner/work/M1_ENS_26/M1_ENS_26/docbuild/.lake/build/doc/Mathlib/Tactic/Lemma.html",
     "fa2dd4c78c0cb198"],
    ["/home/runner/work/M1_ENS_26/M1_ENS_26/docbuild/.lake/build/doc/Mathlib/Tactic/Lift.html",
     "07f953ce419f84b1"],
    ["/home/runner/work/M1_ENS_26/M1_ENS_26/docbuild/.lake/build/doc/Mathlib/Tactic/LiftLets.html",
     "65c22e66aaa0683f"],
    ["/home/runner/work/M1_ENS_26/M1_ENS_26/docbuild/.lake/build/doc/Mathlib/Tactic/Linarith.html",
     "33615e4bb6709209"],
    ["/home/runner/work/M1_ENS_26/M1_ENS_26/docbuild/.lake/build/doc/Mathlib/Tactic/Linarith/Datatypes.html",
     "cdbfb3d28f56937d"],
    ["/home/runner/work/M1_ENS_26/M1_ENS_26/docbuild/.lake/build/doc/Mathlib/Tactic/Linarith/Frontend.html",
     "2ac283c73d49fa07"],
    ["/home/runner/work/M1_ENS_26/M1_ENS_26/docbuild/.lake/build/doc/Mathlib/Tactic/Linarith/Lemmas.html",
     "50c92c18dca80407"],
    ["/home/runner/work/M1_ENS_26/M1_ENS_26/docbuild/.lake/build/doc/Mathlib/Tactic/Linarith/Oracle/FourierMotzkin.html",
     "704ee51873045c53"],
    ["/home/runner/work/M1_ENS_26/M1_ENS_26/docbuild/.lake/build/doc/Mathlib/Tactic/Linarith/Oracle/SimplexAlgorithm.html",
     "8f5372c60b4d23cc"],
    ["/home/runner/work/M1_ENS_26/M1_ENS_26/docbuild/.lake/build/doc/Mathlib/Tactic/Linarith/Oracle/SimplexAlgorithm/Datatypes.html",
     "a0af1c5e67a94d63"],
    ["/home/runner/work/M1_ENS_26/M1_ENS_26/docbuild/.lake/build/doc/Mathlib/Tactic/Linarith/Oracle/SimplexAlgorithm/Gauss.html",
     "25cdf97c42ba1ffd"],
    ["/home/runner/work/M1_ENS_26/M1_ENS_26/docbuild/.lake/build/doc/Mathlib/Tactic/Linarith/Oracle/SimplexAlgorithm/PositiveVector.html",
     "d974a2ae1af776aa"],
    ["/home/runner/work/M1_ENS_26/M1_ENS_26/docbuild/.lake/build/doc/Mathlib/Tactic/Linarith/Oracle/SimplexAlgorithm/SimplexAlgorithm.html",
     "f27c4dc418c0181d"],
    ["/home/runner/work/M1_ENS_26/M1_ENS_26/docbuild/.lake/build/doc/Mathlib/Tactic/Linarith/Parsing.html",
     "c3b07cfab2c610fb"],
    ["/home/runner/work/M1_ENS_26/M1_ENS_26/docbuild/.lake/build/doc/Mathlib/Tactic/Linarith/Preprocessing.html",
     "e446ed27e120fca2"],
    ["/home/runner/work/M1_ENS_26/M1_ENS_26/docbuild/.lake/build/doc/Mathlib/Tactic/Linarith/Verification.html",
     "d59b9e5ae997ea7d"],
    ["/home/runner/work/M1_ENS_26/M1_ENS_26/docbuild/.lake/build/doc/Mathlib/Tactic/LinearCombination.html",
     "7d2ce8fc73168841"],
    ["/home/runner/work/M1_ENS_26/M1_ENS_26/docbuild/.lake/build/doc/Mathlib/Tactic/LinearCombination'.html",
     "ae943d393e493b9d"],
    ["/home/runner/work/M1_ENS_26/M1_ENS_26/docbuild/.lake/build/doc/Mathlib/Tactic/LinearCombination/Lemmas.html",
     "5831b9f53ad660a8"],
    ["/home/runner/work/M1_ENS_26/M1_ENS_26/docbuild/.lake/build/doc/Mathlib/Tactic/Linter.html",
     "ba4658279a35eade"],
    ["/home/runner/work/M1_ENS_26/M1_ENS_26/docbuild/.lake/build/doc/Mathlib/Tactic/Linter/CommandRanges.html",
     "119a1faa3114d5f0"],
    ["/home/runner/work/M1_ENS_26/M1_ENS_26/docbuild/.lake/build/doc/Mathlib/Tactic/Linter/CommandStart.html",
     "840336ee730059b7"],
    ["/home/runner/work/M1_ENS_26/M1_ENS_26/docbuild/.lake/build/doc/Mathlib/Tactic/Linter/DeprecatedModule.html",
     "31d67a8a07b6c04d"],
    ["/home/runner/work/M1_ENS_26/M1_ENS_26/docbuild/.lake/build/doc/Mathlib/Tactic/Linter/DeprecatedSyntaxLinter.html",
     "dd873abe3fad67ec"],
    ["/home/runner/work/M1_ENS_26/M1_ENS_26/docbuild/.lake/build/doc/Mathlib/Tactic/Linter/DirectoryDependency.html",
     "ebded3137cb8d592"],
    ["/home/runner/work/M1_ENS_26/M1_ENS_26/docbuild/.lake/build/doc/Mathlib/Tactic/Linter/DocPrime.html",
     "d70f557ccbec25f3"],
    ["/home/runner/work/M1_ENS_26/M1_ENS_26/docbuild/.lake/build/doc/Mathlib/Tactic/Linter/DocString.html",
     "31f8c6e5a0302ec0"],
    ["/home/runner/work/M1_ENS_26/M1_ENS_26/docbuild/.lake/build/doc/Mathlib/Tactic/Linter/EmptyLine.html",
     "536d55faba77be9a"],
    ["/home/runner/work/M1_ENS_26/M1_ENS_26/docbuild/.lake/build/doc/Mathlib/Tactic/Linter/FindDeprecations.html",
     "668d49a912a346ae"],
    ["/home/runner/work/M1_ENS_26/M1_ENS_26/docbuild/.lake/build/doc/Mathlib/Tactic/Linter/FlexibleLinter.html",
     "2d908756ab61c855"],
    ["/home/runner/work/M1_ENS_26/M1_ENS_26/docbuild/.lake/build/doc/Mathlib/Tactic/Linter/GlobalAttributeIn.html",
     "bc971af0329e8c7a"],
    ["/home/runner/work/M1_ENS_26/M1_ENS_26/docbuild/.lake/build/doc/Mathlib/Tactic/Linter/HashCommandLinter.html",
     "cb5489e059f19a42"],
    ["/home/runner/work/M1_ENS_26/M1_ENS_26/docbuild/.lake/build/doc/Mathlib/Tactic/Linter/HaveLetLinter.html",
     "0b5d0c7f292a7ec3"],
    ["/home/runner/work/M1_ENS_26/M1_ENS_26/docbuild/.lake/build/doc/Mathlib/Tactic/Linter/Header.html",
     "36e3e74614bc9a81"],
    ["/home/runner/work/M1_ENS_26/M1_ENS_26/docbuild/.lake/build/doc/Mathlib/Tactic/Linter/Lint.html",
     "02b01aef0e1d97a5"],
    ["/home/runner/work/M1_ENS_26/M1_ENS_26/docbuild/.lake/build/doc/Mathlib/Tactic/Linter/MinImports.html",
     "edc1d91a5010bae8"],
    ["/home/runner/work/M1_ENS_26/M1_ENS_26/docbuild/.lake/build/doc/Mathlib/Tactic/Linter/Multigoal.html",
     "34d9949701ecdc53"],
    ["/home/runner/work/M1_ENS_26/M1_ENS_26/docbuild/.lake/build/doc/Mathlib/Tactic/Linter/OldObtain.html",
     "9b12c5bc319d6114"],
    ["/home/runner/work/M1_ENS_26/M1_ENS_26/docbuild/.lake/build/doc/Mathlib/Tactic/Linter/PPRoundtrip.html",
     "abe452e239d43b42"],
    ["/home/runner/work/M1_ENS_26/M1_ENS_26/docbuild/.lake/build/doc/Mathlib/Tactic/Linter/PrivateModule.html",
     "932b414ce1abd5ff"],
    ["/home/runner/work/M1_ENS_26/M1_ENS_26/docbuild/.lake/build/doc/Mathlib/Tactic/Linter/Style.html",
     "929bd7fbdf6d8bc4"],
    ["/home/runner/work/M1_ENS_26/M1_ENS_26/docbuild/.lake/build/doc/Mathlib/Tactic/Linter/TextBased.html",
     "6fac5471d696e414"],
    ["/home/runner/work/M1_ENS_26/M1_ENS_26/docbuild/.lake/build/doc/Mathlib/Tactic/Linter/UnusedInstancesInType.html",
     "a55b99df7ebe3d1f"],
    ["/home/runner/work/M1_ENS_26/M1_ENS_26/docbuild/.lake/build/doc/Mathlib/Tactic/Linter/UnusedTactic.html",
     "1d1d587d9ff8f5c6"],
    ["/home/runner/work/M1_ENS_26/M1_ENS_26/docbuild/.lake/build/doc/Mathlib/Tactic/Linter/UnusedTacticExtension.html",
     "93c14831bd940272"],
    ["/home/runner/work/M1_ENS_26/M1_ENS_26/docbuild/.lake/build/doc/Mathlib/Tactic/Linter/UpstreamableDecl.html",
     "d6744c3acaa98795"],
    ["/home/runner/work/M1_ENS_26/M1_ENS_26/docbuild/.lake/build/doc/Mathlib/Tactic/Linter/ValidatePRTitle.html",
     "91349b981dfd8120"],
    ["/home/runner/work/M1_ENS_26/M1_ENS_26/docbuild/.lake/build/doc/Mathlib/Tactic/Measurability.html",
     "2440e3bbed1a9cb4"],
    ["/home/runner/work/M1_ENS_26/M1_ENS_26/docbuild/.lake/build/doc/Mathlib/Tactic/Measurability/Init.html",
     "2f2c061c1685f748"],
    ["/home/runner/work/M1_ENS_26/M1_ENS_26/docbuild/.lake/build/doc/Mathlib/Tactic/MinImports.html",
     "7c5acae8f020403d"],
    ["/home/runner/work/M1_ENS_26/M1_ENS_26/docbuild/.lake/build/doc/Mathlib/Tactic/MkIffOfInductiveProp.html",
     "c80cea985f94bac5"],
    ["/home/runner/work/M1_ENS_26/M1_ENS_26/docbuild/.lake/build/doc/Mathlib/Tactic/ModCases.html",
     "013eabfd910d354a"],
    ["/home/runner/work/M1_ENS_26/M1_ENS_26/docbuild/.lake/build/doc/Mathlib/Tactic/Module.html",
     "b5738158dab6ddb2"],
    ["/home/runner/work/M1_ENS_26/M1_ENS_26/docbuild/.lake/build/doc/Mathlib/Tactic/Monotonicity.html",
     "6c41caa833e5ff79"],
    ["/home/runner/work/M1_ENS_26/M1_ENS_26/docbuild/.lake/build/doc/Mathlib/Tactic/Monotonicity/Attr.html",
     "6da24a8dddb6fb13"],
    ["/home/runner/work/M1_ENS_26/M1_ENS_26/docbuild/.lake/build/doc/Mathlib/Tactic/Monotonicity/Basic.html",
     "2a6f5efe24941935"],
    ["/home/runner/work/M1_ENS_26/M1_ENS_26/docbuild/.lake/build/doc/Mathlib/Tactic/Monotonicity/Lemmas.html",
     "02a8411bf7a444b9"],
    ["/home/runner/work/M1_ENS_26/M1_ENS_26/docbuild/.lake/build/doc/Mathlib/Tactic/MoveAdd.html",
     "0363c0236c865559"],
    ["/home/runner/work/M1_ENS_26/M1_ENS_26/docbuild/.lake/build/doc/Mathlib/Tactic/NoncommRing.html",
     "a85d39e136e53e80"],
    ["/home/runner/work/M1_ENS_26/M1_ENS_26/docbuild/.lake/build/doc/Mathlib/Tactic/Nontriviality.html",
     "0ac331bd6e286408"],
    ["/home/runner/work/M1_ENS_26/M1_ENS_26/docbuild/.lake/build/doc/Mathlib/Tactic/Nontriviality/Core.html",
     "b652560253df8535"],
    ["/home/runner/work/M1_ENS_26/M1_ENS_26/docbuild/.lake/build/doc/Mathlib/Tactic/NormNum.html",
     "16cfa7636be89f0a"],
    ["/home/runner/work/M1_ENS_26/M1_ENS_26/docbuild/.lake/build/doc/Mathlib/Tactic/NormNum/Abs.html",
     "2243146d27185648"],
    ["/home/runner/work/M1_ENS_26/M1_ENS_26/docbuild/.lake/build/doc/Mathlib/Tactic/NormNum/Basic.html",
     "e1106cc3fd9cf76a"],
    ["/home/runner/work/M1_ENS_26/M1_ENS_26/docbuild/.lake/build/doc/Mathlib/Tactic/NormNum/BigOperators.html",
     "950444f990327715"],
    ["/home/runner/work/M1_ENS_26/M1_ENS_26/docbuild/.lake/build/doc/Mathlib/Tactic/NormNum/Core.html",
     "ff256ede06d5d33a"],
    ["/home/runner/work/M1_ENS_26/M1_ENS_26/docbuild/.lake/build/doc/Mathlib/Tactic/NormNum/DivMod.html",
     "52a7c037c4355004"],
    ["/home/runner/work/M1_ENS_26/M1_ENS_26/docbuild/.lake/build/doc/Mathlib/Tactic/NormNum/Eq.html",
     "7410e27676b90f1a"],
    ["/home/runner/work/M1_ENS_26/M1_ENS_26/docbuild/.lake/build/doc/Mathlib/Tactic/NormNum/GCD.html",
     "fd1d20a9b24cd986"],
    ["/home/runner/work/M1_ENS_26/M1_ENS_26/docbuild/.lake/build/doc/Mathlib/Tactic/NormNum/Ineq.html",
     "f28a85a21f3ebf91"],
    ["/home/runner/work/M1_ENS_26/M1_ENS_26/docbuild/.lake/build/doc/Mathlib/Tactic/NormNum/Inv.html",
     "b619776b40d34b68"],
    ["/home/runner/work/M1_ENS_26/M1_ENS_26/docbuild/.lake/build/doc/Mathlib/Tactic/NormNum/Irrational.html",
     "0fa99afdb0adf8be"],
    ["/home/runner/work/M1_ENS_26/M1_ENS_26/docbuild/.lake/build/doc/Mathlib/Tactic/NormNum/IsCoprime.html",
     "36085ad640cbd633"],
    ["/home/runner/work/M1_ENS_26/M1_ENS_26/docbuild/.lake/build/doc/Mathlib/Tactic/NormNum/LegendreSymbol.html",
     "31411b1360349be1"],
    ["/home/runner/work/M1_ENS_26/M1_ENS_26/docbuild/.lake/build/doc/Mathlib/Tactic/NormNum/ModEq.html",
     "cb5dccd4580ed916"],
    ["/home/runner/work/M1_ENS_26/M1_ENS_26/docbuild/.lake/build/doc/Mathlib/Tactic/NormNum/NatFactorial.html",
     "60ed153f016d7b45"],
    ["/home/runner/work/M1_ENS_26/M1_ENS_26/docbuild/.lake/build/doc/Mathlib/Tactic/NormNum/NatFib.html",
     "dc202014a6830ed2"],
    ["/home/runner/work/M1_ENS_26/M1_ENS_26/docbuild/.lake/build/doc/Mathlib/Tactic/NormNum/NatLog.html",
     "4836595e86a93cc7"],
    ["/home/runner/work/M1_ENS_26/M1_ENS_26/docbuild/.lake/build/doc/Mathlib/Tactic/NormNum/NatSqrt.html",
     "5eec2767d563bb45"],
    ["/home/runner/work/M1_ENS_26/M1_ENS_26/docbuild/.lake/build/doc/Mathlib/Tactic/NormNum/OfScientific.html",
     "dc5d3a06fb9a6ca4"],
    ["/home/runner/work/M1_ENS_26/M1_ENS_26/docbuild/.lake/build/doc/Mathlib/Tactic/NormNum/Ordinal.html",
     "c4c4d2fc2f941b95"],
    ["/home/runner/work/M1_ENS_26/M1_ENS_26/docbuild/.lake/build/doc/Mathlib/Tactic/NormNum/Parity.html",
     "410c05f4cb9208e3"],
    ["/home/runner/work/M1_ENS_26/M1_ENS_26/docbuild/.lake/build/doc/Mathlib/Tactic/NormNum/Pow.html",
     "69fc7db55ad99087"],
    ["/home/runner/work/M1_ENS_26/M1_ENS_26/docbuild/.lake/build/doc/Mathlib/Tactic/NormNum/PowMod.html",
     "3353c49325008401"],
    ["/home/runner/work/M1_ENS_26/M1_ENS_26/docbuild/.lake/build/doc/Mathlib/Tactic/NormNum/Prime.html",
     "f1f205fccfaa107f"],
    ["/home/runner/work/M1_ENS_26/M1_ENS_26/docbuild/.lake/build/doc/Mathlib/Tactic/NormNum/RealSqrt.html",
     "acf231189543737a"],
    ["/home/runner/work/M1_ENS_26/M1_ENS_26/docbuild/.lake/build/doc/Mathlib/Tactic/NormNum/Result.html",
     "5b05cad8b3f1c8d9"],
    ["/home/runner/work/M1_ENS_26/M1_ENS_26/docbuild/.lake/build/doc/Mathlib/Tactic/NthRewrite.html",
     "9ee73302223128b9"],
    ["/home/runner/work/M1_ENS_26/M1_ENS_26/docbuild/.lake/build/doc/Mathlib/Tactic/Observe.html",
     "130e1ac8ac53daed"],
    ["/home/runner/work/M1_ENS_26/M1_ENS_26/docbuild/.lake/build/doc/Mathlib/Tactic/OfNat.html",
     "2d44421c3136ebe7"],
    ["/home/runner/work/M1_ENS_26/M1_ENS_26/docbuild/.lake/build/doc/Mathlib/Tactic/Order.html",
     "b898218e22a5b939"],
    ["/home/runner/work/M1_ENS_26/M1_ENS_26/docbuild/.lake/build/doc/Mathlib/Tactic/Order/CollectFacts.html",
     "8c81f3997f2db612"],
    ["/home/runner/work/M1_ENS_26/M1_ENS_26/docbuild/.lake/build/doc/Mathlib/Tactic/Order/Graph/Basic.html",
     "4190f1bb82fc0839"],
    ["/home/runner/work/M1_ENS_26/M1_ENS_26/docbuild/.lake/build/doc/Mathlib/Tactic/Order/Graph/Tarjan.html",
     "888278175b7f9d1c"],
    ["/home/runner/work/M1_ENS_26/M1_ENS_26/docbuild/.lake/build/doc/Mathlib/Tactic/Order/Preprocessing.html",
     "6ecd4c277e3ed14e"],
    ["/home/runner/work/M1_ENS_26/M1_ENS_26/docbuild/.lake/build/doc/Mathlib/Tactic/Order/ToInt.html",
     "24af8bad5b7ae3b0"],
    ["/home/runner/work/M1_ENS_26/M1_ENS_26/docbuild/.lake/build/doc/Mathlib/Tactic/PNatToNat.html",
     "ff91663972e33c60"],
    ["/home/runner/work/M1_ENS_26/M1_ENS_26/docbuild/.lake/build/doc/Mathlib/Tactic/PPWithUniv.html",
     "7b89f342d2f05d67"],
    ["/home/runner/work/M1_ENS_26/M1_ENS_26/docbuild/.lake/build/doc/Mathlib/Tactic/Peel.html",
     "e280403b33f53e91"],
    ["/home/runner/work/M1_ENS_26/M1_ENS_26/docbuild/.lake/build/doc/Mathlib/Tactic/Polyrith.html",
     "07a5697a40095777"],
    ["/home/runner/work/M1_ENS_26/M1_ENS_26/docbuild/.lake/build/doc/Mathlib/Tactic/Positivity.html",
     "2dbf32ec5496a162"],
    ["/home/runner/work/M1_ENS_26/M1_ENS_26/docbuild/.lake/build/doc/Mathlib/Tactic/Positivity/Basic.html",
     "222ccfe285c3deeb"],
    ["/home/runner/work/M1_ENS_26/M1_ENS_26/docbuild/.lake/build/doc/Mathlib/Tactic/Positivity/Core.html",
     "f7e7ec06e169e8ba"],
    ["/home/runner/work/M1_ENS_26/M1_ENS_26/docbuild/.lake/build/doc/Mathlib/Tactic/Positivity/Finset.html",
     "8022df244fd233c3"],
    ["/home/runner/work/M1_ENS_26/M1_ENS_26/docbuild/.lake/build/doc/Mathlib/Tactic/ProdAssoc.html",
     "aac2caaa1ee834ee"],
    ["/home/runner/work/M1_ENS_26/M1_ENS_26/docbuild/.lake/build/doc/Mathlib/Tactic/Propose.html",
     "6a544e48780cb6f0"],
    ["/home/runner/work/M1_ENS_26/M1_ENS_26/docbuild/.lake/build/doc/Mathlib/Tactic/ProxyType.html",
     "5e2f21e5e7e2f614"],
    ["/home/runner/work/M1_ENS_26/M1_ENS_26/docbuild/.lake/build/doc/Mathlib/Tactic/Push.html",
     "423d5e2556702778"],
    ["/home/runner/work/M1_ENS_26/M1_ENS_26/docbuild/.lake/build/doc/Mathlib/Tactic/Push/Attr.html",
     "9dad23ec94d5ee14"],
    ["/home/runner/work/M1_ENS_26/M1_ENS_26/docbuild/.lake/build/doc/Mathlib/Tactic/Qify.html",
     "a0bcf37e60ac508f"],
    ["/home/runner/work/M1_ENS_26/M1_ENS_26/docbuild/.lake/build/doc/Mathlib/Tactic/RSuffices.html",
     "fbcc0b0e2e9fe7c1"],
    ["/home/runner/work/M1_ENS_26/M1_ENS_26/docbuild/.lake/build/doc/Mathlib/Tactic/Recall.html",
     "2714feef090911b0"],
    ["/home/runner/work/M1_ENS_26/M1_ENS_26/docbuild/.lake/build/doc/Mathlib/Tactic/Recover.html",
     "1c67c7900bd69947"],
    ["/home/runner/work/M1_ENS_26/M1_ENS_26/docbuild/.lake/build/doc/Mathlib/Tactic/ReduceModChar.html",
     "b6f580507d2a04e7"],
    ["/home/runner/work/M1_ENS_26/M1_ENS_26/docbuild/.lake/build/doc/Mathlib/Tactic/ReduceModChar/Ext.html",
     "a90eb290837fbdb3"],
    ["/home/runner/work/M1_ENS_26/M1_ENS_26/docbuild/.lake/build/doc/Mathlib/Tactic/Relation/Rfl.html",
     "92f7f9fb32c968c6"],
    ["/home/runner/work/M1_ENS_26/M1_ENS_26/docbuild/.lake/build/doc/Mathlib/Tactic/Relation/Symm.html",
     "ee53c313fcbaa96b"],
    ["/home/runner/work/M1_ENS_26/M1_ENS_26/docbuild/.lake/build/doc/Mathlib/Tactic/Rename.html",
     "28c4273a0ea61b18"],
    ["/home/runner/work/M1_ENS_26/M1_ENS_26/docbuild/.lake/build/doc/Mathlib/Tactic/RenameBVar.html",
     "92551ff21ad2f6d0"],
    ["/home/runner/work/M1_ENS_26/M1_ENS_26/docbuild/.lake/build/doc/Mathlib/Tactic/Replace.html",
     "4305c351cf5825f4"],
    ["/home/runner/work/M1_ENS_26/M1_ENS_26/docbuild/.lake/build/doc/Mathlib/Tactic/RewriteSearch.html",
     "24cc7258ce1d7627"],
    ["/home/runner/work/M1_ENS_26/M1_ENS_26/docbuild/.lake/build/doc/Mathlib/Tactic/Rify.html",
     "f7118acf27fafc39"],
    ["/home/runner/work/M1_ENS_26/M1_ENS_26/docbuild/.lake/build/doc/Mathlib/Tactic/Ring.html",
     "0188a7b46729c8b3"],
    ["/home/runner/work/M1_ENS_26/M1_ENS_26/docbuild/.lake/build/doc/Mathlib/Tactic/Ring/Basic.html",
     "c56d21a19f3ea7ac"],
    ["/home/runner/work/M1_ENS_26/M1_ENS_26/docbuild/.lake/build/doc/Mathlib/Tactic/Ring/Compare.html",
     "75aa6ac8778ae4ed"],
    ["/home/runner/work/M1_ENS_26/M1_ENS_26/docbuild/.lake/build/doc/Mathlib/Tactic/Ring/NamePolyVars.html",
     "59041a8b344c4f77"],
    ["/home/runner/work/M1_ENS_26/M1_ENS_26/docbuild/.lake/build/doc/Mathlib/Tactic/Ring/PNat.html",
     "31bcd97874358585"],
    ["/home/runner/work/M1_ENS_26/M1_ENS_26/docbuild/.lake/build/doc/Mathlib/Tactic/Ring/RingNF.html",
     "d3481a9949f199ec"],
    ["/home/runner/work/M1_ENS_26/M1_ENS_26/docbuild/.lake/build/doc/Mathlib/Tactic/Sat/FromLRAT.html",
     "b63c2ca79512b1e7"],
    ["/home/runner/work/M1_ENS_26/M1_ENS_26/docbuild/.lake/build/doc/Mathlib/Tactic/Says.html",
     "879b2547311815e3"],
    ["/home/runner/work/M1_ENS_26/M1_ENS_26/docbuild/.lake/build/doc/Mathlib/Tactic/ScopedNS.html",
     "d2970327170b2436"],
    ["/home/runner/work/M1_ENS_26/M1_ENS_26/docbuild/.lake/build/doc/Mathlib/Tactic/Set.html",
     "6244934e5f4e5e79"],
    ["/home/runner/work/M1_ENS_26/M1_ENS_26/docbuild/.lake/build/doc/Mathlib/Tactic/SetLike.html",
     "1a7cb1f8f6385bcd"],
    ["/home/runner/work/M1_ENS_26/M1_ENS_26/docbuild/.lake/build/doc/Mathlib/Tactic/SimpIntro.html",
     "f6a4e658ee309118"],
    ["/home/runner/work/M1_ENS_26/M1_ENS_26/docbuild/.lake/build/doc/Mathlib/Tactic/SimpRw.html",
     "a3355e80ad5289a3"],
    ["/home/runner/work/M1_ENS_26/M1_ENS_26/docbuild/.lake/build/doc/Mathlib/Tactic/Simproc/Divisors.html",
     "bfe9bccddf8340e0"],
    ["/home/runner/work/M1_ENS_26/M1_ENS_26/docbuild/.lake/build/doc/Mathlib/Tactic/Simproc/ExistsAndEq.html",
     "76cd541c8a4d27e3"],
    ["/home/runner/work/M1_ENS_26/M1_ENS_26/docbuild/.lake/build/doc/Mathlib/Tactic/Simproc/Factors.html",
     "52d7f73987042a93"],
    ["/home/runner/work/M1_ENS_26/M1_ENS_26/docbuild/.lake/build/doc/Mathlib/Tactic/Simproc/FinsetInterval.html",
     "b31ff65070025059"],
    ["/home/runner/work/M1_ENS_26/M1_ENS_26/docbuild/.lake/build/doc/Mathlib/Tactic/Simps/Basic.html",
     "24850c54fc18e83a"],
    ["/home/runner/work/M1_ENS_26/M1_ENS_26/docbuild/.lake/build/doc/Mathlib/Tactic/Simps/NotationClass.html",
     "351342271599e832"],
    ["/home/runner/work/M1_ENS_26/M1_ENS_26/docbuild/.lake/build/doc/Mathlib/Tactic/SplitIfs.html",
     "c457da74ecc7dff5"],
    ["/home/runner/work/M1_ENS_26/M1_ENS_26/docbuild/.lake/build/doc/Mathlib/Tactic/Spread.html",
     "a08d6b5b5a3f4613"],
    ["/home/runner/work/M1_ENS_26/M1_ENS_26/docbuild/.lake/build/doc/Mathlib/Tactic/StacksAttribute.html",
     "af4beb375af5eb02"],
    ["/home/runner/work/M1_ENS_26/M1_ENS_26/docbuild/.lake/build/doc/Mathlib/Tactic/Subsingleton.html",
     "a8cd50b39a07bebf"],
    ["/home/runner/work/M1_ENS_26/M1_ENS_26/docbuild/.lake/build/doc/Mathlib/Tactic/Substs.html",
     "46a290e8de15e026"],
    ["/home/runner/work/M1_ENS_26/M1_ENS_26/docbuild/.lake/build/doc/Mathlib/Tactic/SuccessIfFailWithMsg.html",
     "6c19f557387dac5c"],
    ["/home/runner/work/M1_ENS_26/M1_ENS_26/docbuild/.lake/build/doc/Mathlib/Tactic/SudoSetOption.html",
     "d38c54f5d90d0df5"],
    ["/home/runner/work/M1_ENS_26/M1_ENS_26/docbuild/.lake/build/doc/Mathlib/Tactic/SuppressCompilation.html",
     "0786f74a1bb45886"],
    ["/home/runner/work/M1_ENS_26/M1_ENS_26/docbuild/.lake/build/doc/Mathlib/Tactic/SwapVar.html",
     "66174692594754d0"],
    ["/home/runner/work/M1_ENS_26/M1_ENS_26/docbuild/.lake/build/doc/Mathlib/Tactic/TFAE.html",
     "4ae11a4bf58675a8"],
    ["/home/runner/work/M1_ENS_26/M1_ENS_26/docbuild/.lake/build/doc/Mathlib/Tactic/TacticAnalysis.html",
     "fce11e24f9f9c22b"],
    ["/home/runner/work/M1_ENS_26/M1_ENS_26/docbuild/.lake/build/doc/Mathlib/Tactic/TacticAnalysis/Declarations.html",
     "7241cf6c432ae602"],
    ["/home/runner/work/M1_ENS_26/M1_ENS_26/docbuild/.lake/build/doc/Mathlib/Tactic/Tauto.html",
     "2593404aeb18242d"],
    ["/home/runner/work/M1_ENS_26/M1_ENS_26/docbuild/.lake/build/doc/Mathlib/Tactic/TautoSet.html",
     "02f760c3debd88b1"],
    ["/home/runner/work/M1_ENS_26/M1_ENS_26/docbuild/.lake/build/doc/Mathlib/Tactic/TermCongr.html",
     "c68517879e64a602"],
    ["/home/runner/work/M1_ENS_26/M1_ENS_26/docbuild/.lake/build/doc/Mathlib/Tactic/ToAdditive.html",
     "21fb980c03f8230a"],
    ["/home/runner/work/M1_ENS_26/M1_ENS_26/docbuild/.lake/build/doc/Mathlib/Tactic/ToDual.html",
     "37437d2cffceeb6a"],
    ["/home/runner/work/M1_ENS_26/M1_ENS_26/docbuild/.lake/build/doc/Mathlib/Tactic/ToExpr.html",
     "c6226674b2742581"],
    ["/home/runner/work/M1_ENS_26/M1_ENS_26/docbuild/.lake/build/doc/Mathlib/Tactic/ToFun.html",
     "6f4cb53974e434df"],
    ["/home/runner/work/M1_ENS_26/M1_ENS_26/docbuild/.lake/build/doc/Mathlib/Tactic/ToLevel.html",
     "04384544abdf0c7b"],
    ["/home/runner/work/M1_ENS_26/M1_ENS_26/docbuild/.lake/build/doc/Mathlib/Tactic/Trace.html",
     "0eaecc7ad2eeeede"],
    ["/home/runner/work/M1_ENS_26/M1_ENS_26/docbuild/.lake/build/doc/Mathlib/Tactic/Translate/Core.html",
     "cdac8913251a6042"],
    ["/home/runner/work/M1_ENS_26/M1_ENS_26/docbuild/.lake/build/doc/Mathlib/Tactic/Translate/GuessName.html",
     "b2eff44a00e72af8"],
    ["/home/runner/work/M1_ENS_26/M1_ENS_26/docbuild/.lake/build/doc/Mathlib/Tactic/Translate/ToAdditive.html",
     "a388ee8ca6c1cc76"],
    ["/home/runner/work/M1_ENS_26/M1_ENS_26/docbuild/.lake/build/doc/Mathlib/Tactic/Translate/ToDual.html",
     "6c80cf0885df3e7a"],
    ["/home/runner/work/M1_ENS_26/M1_ENS_26/docbuild/.lake/build/doc/Mathlib/Tactic/TryThis.html",
     "0198fcc76a1325ab"],
    ["/home/runner/work/M1_ENS_26/M1_ENS_26/docbuild/.lake/build/doc/Mathlib/Tactic/TypeCheck.html",
     "e75636591801cf76"],
    ["/home/runner/work/M1_ENS_26/M1_ENS_26/docbuild/.lake/build/doc/Mathlib/Tactic/TypeStar.html",
     "1d76b7562df8ec4e"],
    ["/home/runner/work/M1_ENS_26/M1_ENS_26/docbuild/.lake/build/doc/Mathlib/Tactic/UnsetOption.html",
     "d9d7daccf2c0d63e"],
    ["/home/runner/work/M1_ENS_26/M1_ENS_26/docbuild/.lake/build/doc/Mathlib/Tactic/Use.html",
     "a295a0775e2e0e78"],
    ["/home/runner/work/M1_ENS_26/M1_ENS_26/docbuild/.lake/build/doc/Mathlib/Tactic/Variable.html",
     "b12d022b8b40f0e9"],
    ["/home/runner/work/M1_ENS_26/M1_ENS_26/docbuild/.lake/build/doc/Mathlib/Tactic/WLOG.html",
     "fc122003f4d29129"],
    ["/home/runner/work/M1_ENS_26/M1_ENS_26/docbuild/.lake/build/doc/Mathlib/Tactic/Widget/Calc.html",
     "37a0a00a7a92433a"],
    ["/home/runner/work/M1_ENS_26/M1_ENS_26/docbuild/.lake/build/doc/Mathlib/Tactic/Widget/CommDiag.html",
     "2cc580907bb034cb"],
    ["/home/runner/work/M1_ENS_26/M1_ENS_26/docbuild/.lake/build/doc/Mathlib/Tactic/Widget/CongrM.html",
     "496791d8508557fb"],
    ["/home/runner/work/M1_ENS_26/M1_ENS_26/docbuild/.lake/build/doc/Mathlib/Tactic/Widget/Conv.html",
     "e225418ec14a17b9"],
    ["/home/runner/work/M1_ENS_26/M1_ENS_26/docbuild/.lake/build/doc/Mathlib/Tactic/Widget/GCongr.html",
     "8171f464411cc34e"],
    ["/home/runner/work/M1_ENS_26/M1_ENS_26/docbuild/.lake/build/doc/Mathlib/Tactic/Widget/InteractiveUnfold.html",
     "c0a00c7d8d19abf5"],
    ["/home/runner/work/M1_ENS_26/M1_ENS_26/docbuild/.lake/build/doc/Mathlib/Tactic/Widget/LibraryRewrite.html",
     "a45513e51c13c474"],
    ["/home/runner/work/M1_ENS_26/M1_ENS_26/docbuild/.lake/build/doc/Mathlib/Tactic/Widget/SelectInsertParamsClass.html",
     "5d6a98822b19e64c"],
    ["/home/runner/work/M1_ENS_26/M1_ENS_26/docbuild/.lake/build/doc/Mathlib/Tactic/Widget/SelectPanelUtils.html",
     "8b478b20b28d1f09"],
    ["/home/runner/work/M1_ENS_26/M1_ENS_26/docbuild/.lake/build/doc/Mathlib/Tactic/Widget/StringDiagram.html",
     "a5c6942d9dc2b2d6"],
    ["/home/runner/work/M1_ENS_26/M1_ENS_26/docbuild/.lake/build/doc/Mathlib/Tactic/WithoutCDot.html",
     "321dea49b4f61bc6"],
    ["/home/runner/work/M1_ENS_26/M1_ENS_26/docbuild/.lake/build/doc/Mathlib/Tactic/Zify.html",
     "cdd965b821853ac8"]]],
  ["/home/runner/work/M1_ENS_26/M1_ENS_26/docbuild/.lake/build/doc-data/references.json",
   "a50f2257f35adb49"],
  ["/home/runner/work/M1_ENS_26/M1_ENS_26/.lake/packages/doc-gen4/.lake/build/bin/doc-gen4",
   "aecbeac3e0b55b70"],
  ["Mathlib.Tactic:leanArts", "5f6d0e71997bf267"]],
 "depHash": "26f3ec3c59d098f5"}